This is pdfTeX, Version 3.141592653-2.6-1.40.26 (TeX Live 2024) (preloaded format=pdflatex 2024.9.16)  25 OCT 2024 19:28
entering extended mode
 restricted \write18 enabled.
 %&-line parsing enabled.
**Formato-MT-Latex.tex
(./Formato-MT-Latex.tex
LaTeX2e <2024-06-01> patch level 2
L3 programming layer <2024-08-30>
(c:/texlive/2024/texmf-dist/tex/latex/base/article.cls
Document Class: article 2024/02/08 v1.4n Standard LaTeX document class
(c:/texlive/2024/texmf-dist/tex/latex/base/size12.clo
File: size12.clo 2024/02/08 v1.4n Standard LaTeX file (size option)
)
\c@part=\count194
\c@section=\count195
\c@subsection=\count196
\c@subsubsection=\count197
\c@paragraph=\count198
\c@subparagraph=\count199
\c@figure=\count266
\c@table=\count267
\abovecaptionskip=\skip49
\belowcaptionskip=\skip50
\bibindent=\dimen141
)
(c:/texlive/2024/texmf-dist/tex/latex/geometry/geometry.sty
Package: geometry 2020/01/02 v5.9 Page Geometry

(c:/texlive/2024/texmf-dist/tex/latex/graphics/keyval.sty
Package: keyval 2022/05/29 v1.15 key=value parser (DPC)
\KV@toks@=\toks17
)
(c:/texlive/2024/texmf-dist/tex/generic/iftex/ifvtex.sty
Package: ifvtex 2019/10/25 v1.7 ifvtex legacy package. Use iftex instead.

(c:/texlive/2024/texmf-dist/tex/generic/iftex/iftex.sty
Package: iftex 2022/02/03 v1.0f TeX engine tests
))
\Gm@cnth=\count268
\Gm@cntv=\count269
\c@Gm@tempcnt=\count270
\Gm@bindingoffset=\dimen142
\Gm@wd@mp=\dimen143
\Gm@odd@mp=\dimen144
\Gm@even@mp=\dimen145
\Gm@layoutwidth=\dimen146
\Gm@layoutheight=\dimen147
\Gm@layouthoffset=\dimen148
\Gm@layoutvoffset=\dimen149
\Gm@dimlist=\toks18
)
(c:/texlive/2024/texmf-dist/tex/latex/textgreek/textgreek.sty
Package: textgreek 2011/10/09 v0.7 Greek symbols in text
Package textgreek Info: Loading the definitions for the Greek fontencoding. on 
input line 39.

(c:/texlive/2024/texmf-dist/tex/latex/greek-fontenc/lgrenc.def
File: lgrenc.def 2023-09-12 2.5 LGR Greek font encoding definitions
Now handling font encoding LGR ...
... processing UTF-8 mapping file for font encoding LGR

(c:/texlive/2024/texmf-dist/tex/latex/greek-inputenc/lgrenc.dfu
File: lgrenc.dfu 2023-03-21 1.9 UTF-8 support for Greek
   defining Unicode char U+00A8 (decimal 168)
   defining Unicode char U+00AB (decimal 171)
   defining Unicode char U+00AF (decimal 175)
   defining Unicode char U+00B4 (decimal 180)
   defining Unicode char U+00B7 (decimal 183)
   defining Unicode char U+00BB (decimal 187)
   defining Unicode char U+0259 (decimal 601)
   defining Unicode char U+02D8 (decimal 728)
   defining Unicode char U+0374 (decimal 884)
   defining Unicode char U+0375 (decimal 885)
   defining Unicode char U+037A (decimal 890)
   defining Unicode char U+037E (decimal 894)
   defining Unicode char U+0384 (decimal 900)
   defining Unicode char U+0385 (decimal 901)
   defining Unicode char U+0386 (decimal 902)
   defining Unicode char U+0387 (decimal 903)
   defining Unicode char U+0388 (decimal 904)
   defining Unicode char U+0389 (decimal 905)
   defining Unicode char U+038A (decimal 906)
   defining Unicode char U+038C (decimal 908)
   defining Unicode char U+038E (decimal 910)
   defining Unicode char U+038F (decimal 911)
   defining Unicode char U+0390 (decimal 912)
   defining Unicode char U+0391 (decimal 913)
   defining Unicode char U+0392 (decimal 914)
   defining Unicode char U+0393 (decimal 915)
   defining Unicode char U+0394 (decimal 916)
   defining Unicode char U+0395 (decimal 917)
   defining Unicode char U+0396 (decimal 918)
   defining Unicode char U+0397 (decimal 919)
   defining Unicode char U+0398 (decimal 920)
   defining Unicode char U+0399 (decimal 921)
   defining Unicode char U+039A (decimal 922)
   defining Unicode char U+039B (decimal 923)
   defining Unicode char U+039C (decimal 924)
   defining Unicode char U+039D (decimal 925)
   defining Unicode char U+039E (decimal 926)
   defining Unicode char U+039F (decimal 927)
   defining Unicode char U+03A0 (decimal 928)
   defining Unicode char U+03A1 (decimal 929)
   defining Unicode char U+03A3 (decimal 931)
   defining Unicode char U+03A4 (decimal 932)
   defining Unicode char U+03A5 (decimal 933)
   defining Unicode char U+03A6 (decimal 934)
   defining Unicode char U+03A7 (decimal 935)
   defining Unicode char U+03A8 (decimal 936)
   defining Unicode char U+03A9 (decimal 937)
   defining Unicode char U+03AA (decimal 938)
   defining Unicode char U+03AB (decimal 939)
   defining Unicode char U+03AC (decimal 940)
   defining Unicode char U+03AD (decimal 941)
   defining Unicode char U+03AE (decimal 942)
   defining Unicode char U+03AF (decimal 943)
   defining Unicode char U+03B0 (decimal 944)
   defining Unicode char U+03B1 (decimal 945)
   defining Unicode char U+03B2 (decimal 946)
   defining Unicode char U+03B3 (decimal 947)
   defining Unicode char U+03B4 (decimal 948)
   defining Unicode char U+03B5 (decimal 949)
   defining Unicode char U+03B6 (decimal 950)
   defining Unicode char U+03B7 (decimal 951)
   defining Unicode char U+03B8 (decimal 952)
   defining Unicode char U+03B9 (decimal 953)
   defining Unicode char U+03BA (decimal 954)
   defining Unicode char U+03BB (decimal 955)
   defining Unicode char U+03BC (decimal 956)
   defining Unicode char U+03BD (decimal 957)
   defining Unicode char U+03BE (decimal 958)
   defining Unicode char U+03BF (decimal 959)
   defining Unicode char U+03C0 (decimal 960)
   defining Unicode char U+03C1 (decimal 961)
   defining Unicode char U+03C2 (decimal 962)
   defining Unicode char U+03C3 (decimal 963)
   defining Unicode char U+03C4 (decimal 964)
   defining Unicode char U+03C5 (decimal 965)
   defining Unicode char U+03C6 (decimal 966)
   defining Unicode char U+03C7 (decimal 967)
   defining Unicode char U+03C8 (decimal 968)
   defining Unicode char U+03C9 (decimal 969)
   defining Unicode char U+03CA (decimal 970)
   defining Unicode char U+03CB (decimal 971)
   defining Unicode char U+03CC (decimal 972)
   defining Unicode char U+03CD (decimal 973)
   defining Unicode char U+03CE (decimal 974)
   defining Unicode char U+03D0 (decimal 976)
   defining Unicode char U+03D1 (decimal 977)
   defining Unicode char U+03D5 (decimal 981)
   defining Unicode char U+03D6 (decimal 982)
   defining Unicode char U+03D8 (decimal 984)
   defining Unicode char U+03D9 (decimal 985)
   defining Unicode char U+03DA (decimal 986)
   defining Unicode char U+03DB (decimal 987)
   defining Unicode char U+03DC (decimal 988)
   defining Unicode char U+03DD (decimal 989)
   defining Unicode char U+03DE (decimal 990)
   defining Unicode char U+03DF (decimal 991)
   defining Unicode char U+03E0 (decimal 992)
   defining Unicode char U+03E1 (decimal 993)
   defining Unicode char U+03F0 (decimal 1008)
   defining Unicode char U+03F1 (decimal 1009)
   defining Unicode char U+03F4 (decimal 1012)
   defining Unicode char U+03F5 (decimal 1013)
   defining Unicode char U+1F00 (decimal 7936)
   defining Unicode char U+1F01 (decimal 7937)
   defining Unicode char U+1F02 (decimal 7938)
   defining Unicode char U+1F03 (decimal 7939)
   defining Unicode char U+1F04 (decimal 7940)
   defining Unicode char U+1F05 (decimal 7941)
   defining Unicode char U+1F06 (decimal 7942)
   defining Unicode char U+1F07 (decimal 7943)
   defining Unicode char U+1F08 (decimal 7944)
   defining Unicode char U+1F09 (decimal 7945)
   defining Unicode char U+1F0A (decimal 7946)
   defining Unicode char U+1F0B (decimal 7947)
   defining Unicode char U+1F0C (decimal 7948)
   defining Unicode char U+1F0D (decimal 7949)
   defining Unicode char U+1F0E (decimal 7950)
   defining Unicode char U+1F0F (decimal 7951)
   defining Unicode char U+1F10 (decimal 7952)
   defining Unicode char U+1F11 (decimal 7953)
   defining Unicode char U+1F12 (decimal 7954)
   defining Unicode char U+1F13 (decimal 7955)
   defining Unicode char U+1F14 (decimal 7956)
   defining Unicode char U+1F15 (decimal 7957)
   defining Unicode char U+1F18 (decimal 7960)
   defining Unicode char U+1F19 (decimal 7961)
   defining Unicode char U+1F1A (decimal 7962)
   defining Unicode char U+1F1B (decimal 7963)
   defining Unicode char U+1F1C (decimal 7964)
   defining Unicode char U+1F1D (decimal 7965)
   defining Unicode char U+1F20 (decimal 7968)
   defining Unicode char U+1F21 (decimal 7969)
   defining Unicode char U+1F22 (decimal 7970)
   defining Unicode char U+1F23 (decimal 7971)
   defining Unicode char U+1F24 (decimal 7972)
   defining Unicode char U+1F25 (decimal 7973)
   defining Unicode char U+1F26 (decimal 7974)
   defining Unicode char U+1F27 (decimal 7975)
   defining Unicode char U+1F28 (decimal 7976)
   defining Unicode char U+1F29 (decimal 7977)
   defining Unicode char U+1F2A (decimal 7978)
   defining Unicode char U+1F2B (decimal 7979)
   defining Unicode char U+1F2C (decimal 7980)
   defining Unicode char U+1F2D (decimal 7981)
   defining Unicode char U+1F2E (decimal 7982)
   defining Unicode char U+1F2F (decimal 7983)
   defining Unicode char U+1F30 (decimal 7984)
   defining Unicode char U+1F31 (decimal 7985)
   defining Unicode char U+1F32 (decimal 7986)
   defining Unicode char U+1F33 (decimal 7987)
   defining Unicode char U+1F34 (decimal 7988)
   defining Unicode char U+1F35 (decimal 7989)
   defining Unicode char U+1F36 (decimal 7990)
   defining Unicode char U+1F37 (decimal 7991)
   defining Unicode char U+1F38 (decimal 7992)
   defining Unicode char U+1F39 (decimal 7993)
   defining Unicode char U+1F3A (decimal 7994)
   defining Unicode char U+1F3B (decimal 7995)
   defining Unicode char U+1F3C (decimal 7996)
   defining Unicode char U+1F3D (decimal 7997)
   defining Unicode char U+1F3E (decimal 7998)
   defining Unicode char U+1F3F (decimal 7999)
   defining Unicode char U+1F40 (decimal 8000)
   defining Unicode char U+1F41 (decimal 8001)
   defining Unicode char U+1F42 (decimal 8002)
   defining Unicode char U+1F43 (decimal 8003)
   defining Unicode char U+1F44 (decimal 8004)
   defining Unicode char U+1F45 (decimal 8005)
   defining Unicode char U+1F48 (decimal 8008)
   defining Unicode char U+1F49 (decimal 8009)
   defining Unicode char U+1F4A (decimal 8010)
   defining Unicode char U+1F4B (decimal 8011)
   defining Unicode char U+1F4C (decimal 8012)
   defining Unicode char U+1F4D (decimal 8013)
   defining Unicode char U+1F50 (decimal 8016)
   defining Unicode char U+1F51 (decimal 8017)
   defining Unicode char U+1F52 (decimal 8018)
   defining Unicode char U+1F53 (decimal 8019)
   defining Unicode char U+1F54 (decimal 8020)
   defining Unicode char U+1F55 (decimal 8021)
   defining Unicode char U+1F56 (decimal 8022)
   defining Unicode char U+1F57 (decimal 8023)
   defining Unicode char U+1F59 (decimal 8025)
   defining Unicode char U+1F5B (decimal 8027)
   defining Unicode char U+1F5D (decimal 8029)
   defining Unicode char U+1F5F (decimal 8031)
   defining Unicode char U+1F60 (decimal 8032)
   defining Unicode char U+1F61 (decimal 8033)
   defining Unicode char U+1F62 (decimal 8034)
   defining Unicode char U+1F63 (decimal 8035)
   defining Unicode char U+1F64 (decimal 8036)
   defining Unicode char U+1F65 (decimal 8037)
   defining Unicode char U+1F66 (decimal 8038)
   defining Unicode char U+1F67 (decimal 8039)
   defining Unicode char U+1F68 (decimal 8040)
   defining Unicode char U+1F69 (decimal 8041)
   defining Unicode char U+1F6A (decimal 8042)
   defining Unicode char U+1F6B (decimal 8043)
   defining Unicode char U+1F6C (decimal 8044)
   defining Unicode char U+1F6D (decimal 8045)
   defining Unicode char U+1F6E (decimal 8046)
   defining Unicode char U+1F6F (decimal 8047)
   defining Unicode char U+1F70 (decimal 8048)
   defining Unicode char U+1F71 (decimal 8049)
   defining Unicode char U+1F72 (decimal 8050)
   defining Unicode char U+1F73 (decimal 8051)
   defining Unicode char U+1F74 (decimal 8052)
   defining Unicode char U+1F75 (decimal 8053)
   defining Unicode char U+1F76 (decimal 8054)
   defining Unicode char U+1F77 (decimal 8055)
   defining Unicode char U+1F78 (decimal 8056)
   defining Unicode char U+1F79 (decimal 8057)
   defining Unicode char U+1F7A (decimal 8058)
   defining Unicode char U+1F7B (decimal 8059)
   defining Unicode char U+1F7C (decimal 8060)
   defining Unicode char U+1F7D (decimal 8061)
   defining Unicode char U+1F80 (decimal 8064)
   defining Unicode char U+1F81 (decimal 8065)
   defining Unicode char U+1F82 (decimal 8066)
   defining Unicode char U+1F83 (decimal 8067)
   defining Unicode char U+1F84 (decimal 8068)
   defining Unicode char U+1F85 (decimal 8069)
   defining Unicode char U+1F86 (decimal 8070)
   defining Unicode char U+1F87 (decimal 8071)
   defining Unicode char U+1F88 (decimal 8072)
   defining Unicode char U+1F89 (decimal 8073)
   defining Unicode char U+1F8A (decimal 8074)
   defining Unicode char U+1F8B (decimal 8075)
   defining Unicode char U+1F8C (decimal 8076)
   defining Unicode char U+1F8D (decimal 8077)
   defining Unicode char U+1F8E (decimal 8078)
   defining Unicode char U+1F8F (decimal 8079)
   defining Unicode char U+1F90 (decimal 8080)
   defining Unicode char U+1F91 (decimal 8081)
   defining Unicode char U+1F92 (decimal 8082)
   defining Unicode char U+1F93 (decimal 8083)
   defining Unicode char U+1F94 (decimal 8084)
   defining Unicode char U+1F95 (decimal 8085)
   defining Unicode char U+1F96 (decimal 8086)
   defining Unicode char U+1F97 (decimal 8087)
   defining Unicode char U+1F98 (decimal 8088)
   defining Unicode char U+1F99 (decimal 8089)
   defining Unicode char U+1F9A (decimal 8090)
   defining Unicode char U+1F9B (decimal 8091)
   defining Unicode char U+1F9C (decimal 8092)
   defining Unicode char U+1F9D (decimal 8093)
   defining Unicode char U+1F9E (decimal 8094)
   defining Unicode char U+1F9F (decimal 8095)
   defining Unicode char U+1FA0 (decimal 8096)
   defining Unicode char U+1FA1 (decimal 8097)
   defining Unicode char U+1FA2 (decimal 8098)
   defining Unicode char U+1FA3 (decimal 8099)
   defining Unicode char U+1FA4 (decimal 8100)
   defining Unicode char U+1FA5 (decimal 8101)
   defining Unicode char U+1FA6 (decimal 8102)
   defining Unicode char U+1FA7 (decimal 8103)
   defining Unicode char U+1FA8 (decimal 8104)
   defining Unicode char U+1FA9 (decimal 8105)
   defining Unicode char U+1FAA (decimal 8106)
   defining Unicode char U+1FAB (decimal 8107)
   defining Unicode char U+1FAC (decimal 8108)
   defining Unicode char U+1FAD (decimal 8109)
   defining Unicode char U+1FAE (decimal 8110)
   defining Unicode char U+1FAF (decimal 8111)
   defining Unicode char U+1FB0 (decimal 8112)
   defining Unicode char U+1FB1 (decimal 8113)
   defining Unicode char U+1FB2 (decimal 8114)
   defining Unicode char U+1FB3 (decimal 8115)
   defining Unicode char U+1FB4 (decimal 8116)
   defining Unicode char U+1FB6 (decimal 8118)
   defining Unicode char U+1FB7 (decimal 8119)
   defining Unicode char U+1FB8 (decimal 8120)
   defining Unicode char U+1FB9 (decimal 8121)
   defining Unicode char U+1FBA (decimal 8122)
   defining Unicode char U+1FBB (decimal 8123)
   defining Unicode char U+1FBC (decimal 8124)
   defining Unicode char U+1FBD (decimal 8125)
   defining Unicode char U+1FBE (decimal 8126)
   defining Unicode char U+1FBF (decimal 8127)
   defining Unicode char U+1FC0 (decimal 8128)
   defining Unicode char U+1FC1 (decimal 8129)
   defining Unicode char U+1FC2 (decimal 8130)
   defining Unicode char U+1FC3 (decimal 8131)
   defining Unicode char U+1FC4 (decimal 8132)
   defining Unicode char U+1FC6 (decimal 8134)
   defining Unicode char U+1FC7 (decimal 8135)
   defining Unicode char U+1FC8 (decimal 8136)
   defining Unicode char U+1FC9 (decimal 8137)
   defining Unicode char U+1FCA (decimal 8138)
   defining Unicode char U+1FCB (decimal 8139)
   defining Unicode char U+1FCC (decimal 8140)
   defining Unicode char U+1FCD (decimal 8141)
   defining Unicode char U+1FCE (decimal 8142)
   defining Unicode char U+1FCF (decimal 8143)
   defining Unicode char U+1FD0 (decimal 8144)
   defining Unicode char U+1FD1 (decimal 8145)
   defining Unicode char U+1FD2 (decimal 8146)
   defining Unicode char U+1FD3 (decimal 8147)
   defining Unicode char U+1FD6 (decimal 8150)
   defining Unicode char U+1FD7 (decimal 8151)
   defining Unicode char U+1FD8 (decimal 8152)
   defining Unicode char U+1FD9 (decimal 8153)
   defining Unicode char U+1FDA (decimal 8154)
   defining Unicode char U+1FDB (decimal 8155)
   defining Unicode char U+1FDD (decimal 8157)
   defining Unicode char U+1FDE (decimal 8158)
   defining Unicode char U+1FDF (decimal 8159)
   defining Unicode char U+1FE0 (decimal 8160)
   defining Unicode char U+1FE1 (decimal 8161)
   defining Unicode char U+1FE2 (decimal 8162)
   defining Unicode char U+1FE3 (decimal 8163)
   defining Unicode char U+1FE4 (decimal 8164)
   defining Unicode char U+1FE5 (decimal 8165)
   defining Unicode char U+1FE6 (decimal 8166)
   defining Unicode char U+1FE7 (decimal 8167)
   defining Unicode char U+1FE8 (decimal 8168)
   defining Unicode char U+1FE9 (decimal 8169)
   defining Unicode char U+1FEA (decimal 8170)
   defining Unicode char U+1FEB (decimal 8171)
   defining Unicode char U+1FEC (decimal 8172)
   defining Unicode char U+1FED (decimal 8173)
   defining Unicode char U+1FEE (decimal 8174)
   defining Unicode char U+1FEF (decimal 8175)
   defining Unicode char U+1FF2 (decimal 8178)
   defining Unicode char U+1FF3 (decimal 8179)
   defining Unicode char U+1FF4 (decimal 8180)
   defining Unicode char U+1FF6 (decimal 8182)
   defining Unicode char U+1FF7 (decimal 8183)
   defining Unicode char U+1FF8 (decimal 8184)
   defining Unicode char U+1FF9 (decimal 8185)
   defining Unicode char U+1FFA (decimal 8186)
   defining Unicode char U+1FFB (decimal 8187)
   defining Unicode char U+1FFC (decimal 8188)
   defining Unicode char U+1FFD (decimal 8189)
   defining Unicode char U+1FFE (decimal 8190)
   defining Unicode char U+2013 (decimal 8211)
   defining Unicode char U+2014 (decimal 8212)
   defining Unicode char U+2018 (decimal 8216)
   defining Unicode char U+2019 (decimal 8217)
   defining Unicode char U+201A (decimal 8218)
   defining Unicode char U+2030 (decimal 8240)
   defining Unicode char U+2039 (decimal 8249)
   defining Unicode char U+203A (decimal 8250)
   defining Unicode char U+20AC (decimal 8364)
   defining Unicode char U+2126 (decimal 8486)
   defining Unicode char U+10144 (decimal 65860)
   defining Unicode char U+10145 (decimal 65861)
   defining Unicode char U+10146 (decimal 65862)
   defining Unicode char U+10147 (decimal 65863)
)
(c:/texlive/2024/texmf-dist/tex/latex/greek-fontenc/greek-fontenc.def
File: greek-fontenc.def 2023-09-12 2.5 Common Greek font encoding definitions
))
Package textgreek Info: Loaded fontmap: {eur/*/*}{U/eur/*/*} {phv/*/*}{U/psy/*/
*}. on input line 69.
)
(c:/texlive/2024/texmf-dist/tex/latex/graphics/graphicx.sty
Package: graphicx 2021/09/16 v1.2d Enhanced LaTeX Graphics (DPC,SPQR)

(c:/texlive/2024/texmf-dist/tex/latex/graphics/graphics.sty
Package: graphics 2024/05/23 v1.4g Standard LaTeX Graphics (DPC,SPQR)

(c:/texlive/2024/texmf-dist/tex/latex/graphics/trig.sty
Package: trig 2023/12/02 v1.11 sin cos tan (DPC)
)
(c:/texlive/2024/texmf-dist/tex/latex/graphics-cfg/graphics.cfg
File: graphics.cfg 2016/06/04 v1.11 sample graphics configuration
)
Package graphics Info: Driver file: pdftex.def on input line 106.

(c:/texlive/2024/texmf-dist/tex/latex/graphics-def/pdftex.def
File: pdftex.def 2024/04/13 v1.2c Graphics/color driver for pdftex
))
\Gin@req@height=\dimen150
\Gin@req@width=\dimen151
)
(c:/texlive/2024/texmf-dist/tex/latex/fancyhdr/fancyhdr.sty
Package: fancyhdr 2024/07/23 v4.3.1 Extensive control of page headers and foote
rs
\f@nch@headwidth=\skip51
\f@nch@O@elh=\skip52
\f@nch@O@erh=\skip53
\f@nch@O@olh=\skip54
\f@nch@O@orh=\skip55
\f@nch@O@elf=\skip56
\f@nch@O@erf=\skip57
\f@nch@O@olf=\skip58
\f@nch@O@orf=\skip59
)
(c:/texlive/2024/texmf-dist/tex/latex/graphics/color.sty
Package: color 2024/01/14 v1.3d Standard LaTeX Color (DPC)

(c:/texlive/2024/texmf-dist/tex/latex/graphics-cfg/color.cfg
File: color.cfg 2016/01/02 v1.6 sample color configuration
)
Package color Info: Driver file: pdftex.def on input line 149.

(c:/texlive/2024/texmf-dist/tex/latex/graphics/mathcolor.ltx))
(c:/texlive/2024/texmf-dist/tex/latex/amsmath/amsmath.sty
Package: amsmath 2024/05/23 v2.17q AMS math features
\@mathmargin=\skip60

For additional information on amsmath, use the `?' option.
(c:/texlive/2024/texmf-dist/tex/latex/amsmath/amstext.sty
Package: amstext 2021/08/26 v2.01 AMS text

(c:/texlive/2024/texmf-dist/tex/latex/amsmath/amsgen.sty
File: amsgen.sty 1999/11/30 v2.0 generic functions
\@emptytoks=\toks19
\ex@=\dimen152
))
(c:/texlive/2024/texmf-dist/tex/latex/amsmath/amsbsy.sty
Package: amsbsy 1999/11/29 v1.2d Bold Symbols
\pmbraise@=\dimen153
)
(c:/texlive/2024/texmf-dist/tex/latex/amsmath/amsopn.sty
Package: amsopn 2022/04/08 v2.04 operator names
)
\inf@bad=\count271
LaTeX Info: Redefining \frac on input line 233.
\uproot@=\count272
\leftroot@=\count273
LaTeX Info: Redefining \overline on input line 398.
LaTeX Info: Redefining \colon on input line 409.
\classnum@=\count274
\DOTSCASE@=\count275
LaTeX Info: Redefining \ldots on input line 495.
LaTeX Info: Redefining \dots on input line 498.
LaTeX Info: Redefining \cdots on input line 619.
\Mathstrutbox@=\box52
\strutbox@=\box53
LaTeX Info: Redefining \big on input line 721.
LaTeX Info: Redefining \Big on input line 722.
LaTeX Info: Redefining \bigg on input line 723.
LaTeX Info: Redefining \Bigg on input line 724.
\big@size=\dimen154
LaTeX Font Info:    Redeclaring font encoding OML on input line 742.
LaTeX Font Info:    Redeclaring font encoding OMS on input line 743.
\macc@depth=\count276
LaTeX Info: Redefining \bmod on input line 904.
LaTeX Info: Redefining \pmod on input line 909.
LaTeX Info: Redefining \smash on input line 939.
LaTeX Info: Redefining \relbar on input line 969.
LaTeX Info: Redefining \Relbar on input line 970.
\c@MaxMatrixCols=\count277
\dotsspace@=\muskip17
\c@parentequation=\count278
\dspbrk@lvl=\count279
\tag@help=\toks20
\row@=\count280
\column@=\count281
\maxfields@=\count282
\andhelp@=\toks21
\eqnshift@=\dimen155
\alignsep@=\dimen156
\tagshift@=\dimen157
\tagwidth@=\dimen158
\totwidth@=\dimen159
\lineht@=\dimen160
\@envbody=\toks22
\multlinegap=\skip61
\multlinetaggap=\skip62
\mathdisplay@stack=\toks23
LaTeX Info: Redefining \[ on input line 2953.
LaTeX Info: Redefining \] on input line 2954.
)
(c:/texlive/2024/texmf-dist/tex/latex/lastpage/lastpage.sty
Package: lastpage 2024/07/07 v2.1c lastpage: 2.09 or 2e? (HMM)

(c:/texlive/2024/texmf-dist/tex/latex/lastpage/lastpage2e.sty
Package: lastpage2e 2024/07/07 v2.1c Decide which 2e lastpage version to use (H
MM)

(c:/texlive/2024/texmf-dist/tex/latex/lastpage/lastpagemodern.sty
Package: lastpagemodern 2024-07-07 v2.1c Refers to last page's name (HMM; JPG)
\c@lastpagecount=\count283
) 
)) (c:/texlive/2024/texmf-dist/tex/latex/xcolor/xcolor.sty
Package: xcolor 2023/11/15 v3.01 LaTeX color extensions (UK)

(c:/texlive/2024/texmf-dist/tex/latex/graphics-cfg/color.cfg
File: color.cfg 2016/01/02 v1.6 sample color configuration
)
Package xcolor Info: Driver file: pdftex.def on input line 274.
LaTeX Info: Redefining \color on input line 758.

(c:/texlive/2024/texmf-dist/tex/latex/graphics/mathcolor.ltx)
Package xcolor Info: Model `cmy' substituted by `cmy0' on input line 1350.
Package xcolor Info: Model `hsb' substituted by `rgb' on input line 1354.
Package xcolor Info: Model `RGB' extended on input line 1366.
Package xcolor Info: Model `HTML' substituted by `rgb' on input line 1368.
Package xcolor Info: Model `Hsb' substituted by `hsb' on input line 1369.
Package xcolor Info: Model `tHsb' substituted by `hsb' on input line 1370.
Package xcolor Info: Model `HSB' substituted by `hsb' on input line 1371.
Package xcolor Info: Model `Gray' substituted by `gray' on input line 1372.
Package xcolor Info: Model `wave' substituted by `hsb' on input line 1373.
)
(c:/texlive/2024/texmf-dist/tex/latex/graphics/dvipsnam.def
File: dvipsnam.def 2016/06/17 v3.0m Driver-dependent file (DPC,SPQR)
)
(c:/texlive/2024/texmf-dist/tex/latex/pgf/frontendlayer/tikz.sty
(c:/texlive/2024/texmf-dist/tex/latex/pgf/basiclayer/pgf.sty
(c:/texlive/2024/texmf-dist/tex/latex/pgf/utilities/pgfrcs.sty
(c:/texlive/2024/texmf-dist/tex/generic/pgf/utilities/pgfutil-common.tex
\pgfutil@everybye=\toks24
\pgfutil@tempdima=\dimen161
\pgfutil@tempdimb=\dimen162
)
(c:/texlive/2024/texmf-dist/tex/generic/pgf/utilities/pgfutil-latex.def
\pgfutil@abb=\box54
)
(c:/texlive/2024/texmf-dist/tex/generic/pgf/utilities/pgfrcs.code.tex
(c:/texlive/2024/texmf-dist/tex/generic/pgf/pgf.revision.tex)
Package: pgfrcs 2023-01-15 v3.1.10 (3.1.10)
))
Package: pgf 2023-01-15 v3.1.10 (3.1.10)

(c:/texlive/2024/texmf-dist/tex/latex/pgf/basiclayer/pgfcore.sty
(c:/texlive/2024/texmf-dist/tex/latex/pgf/systemlayer/pgfsys.sty
(c:/texlive/2024/texmf-dist/tex/generic/pgf/systemlayer/pgfsys.code.tex
Package: pgfsys 2023-01-15 v3.1.10 (3.1.10)

(c:/texlive/2024/texmf-dist/tex/generic/pgf/utilities/pgfkeys.code.tex
\pgfkeys@pathtoks=\toks25
\pgfkeys@temptoks=\toks26

(c:/texlive/2024/texmf-dist/tex/generic/pgf/utilities/pgfkeyslibraryfiltered.co
de.tex
\pgfkeys@tmptoks=\toks27
))
\pgf@x=\dimen163
\pgf@y=\dimen164
\pgf@xa=\dimen165
\pgf@ya=\dimen166
\pgf@xb=\dimen167
\pgf@yb=\dimen168
\pgf@xc=\dimen169
\pgf@yc=\dimen170
\pgf@xd=\dimen171
\pgf@yd=\dimen172
\w@pgf@writea=\write3
\r@pgf@reada=\read2
\c@pgf@counta=\count284
\c@pgf@countb=\count285
\c@pgf@countc=\count286
\c@pgf@countd=\count287
\t@pgf@toka=\toks28
\t@pgf@tokb=\toks29
\t@pgf@tokc=\toks30
\pgf@sys@id@count=\count288
 (c:/texlive/2024/texmf-dist/tex/generic/pgf/systemlayer/pgf.cfg
File: pgf.cfg 2023-01-15 v3.1.10 (3.1.10)
)
Driver file for pgf: pgfsys-pdftex.def

(c:/texlive/2024/texmf-dist/tex/generic/pgf/systemlayer/pgfsys-pdftex.def
File: pgfsys-pdftex.def 2023-01-15 v3.1.10 (3.1.10)

(c:/texlive/2024/texmf-dist/tex/generic/pgf/systemlayer/pgfsys-common-pdf.def
File: pgfsys-common-pdf.def 2023-01-15 v3.1.10 (3.1.10)
)))
(c:/texlive/2024/texmf-dist/tex/generic/pgf/systemlayer/pgfsyssoftpath.code.tex
File: pgfsyssoftpath.code.tex 2023-01-15 v3.1.10 (3.1.10)
\pgfsyssoftpath@smallbuffer@items=\count289
\pgfsyssoftpath@bigbuffer@items=\count290
)
(c:/texlive/2024/texmf-dist/tex/generic/pgf/systemlayer/pgfsysprotocol.code.tex
File: pgfsysprotocol.code.tex 2023-01-15 v3.1.10 (3.1.10)
)) (c:/texlive/2024/texmf-dist/tex/generic/pgf/basiclayer/pgfcore.code.tex
Package: pgfcore 2023-01-15 v3.1.10 (3.1.10)

(c:/texlive/2024/texmf-dist/tex/generic/pgf/math/pgfmath.code.tex
(c:/texlive/2024/texmf-dist/tex/generic/pgf/math/pgfmathutil.code.tex)
(c:/texlive/2024/texmf-dist/tex/generic/pgf/math/pgfmathparser.code.tex
\pgfmath@dimen=\dimen173
\pgfmath@count=\count291
\pgfmath@box=\box55
\pgfmath@toks=\toks31
\pgfmath@stack@operand=\toks32
\pgfmath@stack@operation=\toks33
)
(c:/texlive/2024/texmf-dist/tex/generic/pgf/math/pgfmathfunctions.code.tex)
(c:/texlive/2024/texmf-dist/tex/generic/pgf/math/pgfmathfunctions.basic.code.te
x)
(c:/texlive/2024/texmf-dist/tex/generic/pgf/math/pgfmathfunctions.trigonometric
.code.tex)
(c:/texlive/2024/texmf-dist/tex/generic/pgf/math/pgfmathfunctions.random.code.t
ex)
(c:/texlive/2024/texmf-dist/tex/generic/pgf/math/pgfmathfunctions.comparison.co
de.tex)
(c:/texlive/2024/texmf-dist/tex/generic/pgf/math/pgfmathfunctions.base.code.tex
)
(c:/texlive/2024/texmf-dist/tex/generic/pgf/math/pgfmathfunctions.round.code.te
x)
(c:/texlive/2024/texmf-dist/tex/generic/pgf/math/pgfmathfunctions.misc.code.tex
)
(c:/texlive/2024/texmf-dist/tex/generic/pgf/math/pgfmathfunctions.integerarithm
etics.code.tex)
(c:/texlive/2024/texmf-dist/tex/generic/pgf/math/pgfmathcalc.code.tex)
(c:/texlive/2024/texmf-dist/tex/generic/pgf/math/pgfmathfloat.code.tex
\c@pgfmathroundto@lastzeros=\count292
))
(c:/texlive/2024/texmf-dist/tex/generic/pgf/math/pgfint.code.tex)
(c:/texlive/2024/texmf-dist/tex/generic/pgf/basiclayer/pgfcorepoints.code.tex
File: pgfcorepoints.code.tex 2023-01-15 v3.1.10 (3.1.10)
\pgf@picminx=\dimen174
\pgf@picmaxx=\dimen175
\pgf@picminy=\dimen176
\pgf@picmaxy=\dimen177
\pgf@pathminx=\dimen178
\pgf@pathmaxx=\dimen179
\pgf@pathminy=\dimen180
\pgf@pathmaxy=\dimen181
\pgf@xx=\dimen182
\pgf@xy=\dimen183
\pgf@yx=\dimen184
\pgf@yy=\dimen185
\pgf@zx=\dimen186
\pgf@zy=\dimen187
)
(c:/texlive/2024/texmf-dist/tex/generic/pgf/basiclayer/pgfcorepathconstruct.cod
e.tex
File: pgfcorepathconstruct.code.tex 2023-01-15 v3.1.10 (3.1.10)
\pgf@path@lastx=\dimen188
\pgf@path@lasty=\dimen189
)
(c:/texlive/2024/texmf-dist/tex/generic/pgf/basiclayer/pgfcorepathusage.code.te
x
File: pgfcorepathusage.code.tex 2023-01-15 v3.1.10 (3.1.10)
\pgf@shorten@end@additional=\dimen190
\pgf@shorten@start@additional=\dimen191
)
(c:/texlive/2024/texmf-dist/tex/generic/pgf/basiclayer/pgfcorescopes.code.tex
File: pgfcorescopes.code.tex 2023-01-15 v3.1.10 (3.1.10)
\pgfpic=\box56
\pgf@hbox=\box57
\pgf@layerbox@main=\box58
\pgf@picture@serial@count=\count293
)
(c:/texlive/2024/texmf-dist/tex/generic/pgf/basiclayer/pgfcoregraphicstate.code
.tex
File: pgfcoregraphicstate.code.tex 2023-01-15 v3.1.10 (3.1.10)
\pgflinewidth=\dimen192
)
(c:/texlive/2024/texmf-dist/tex/generic/pgf/basiclayer/pgfcoretransformations.c
ode.tex
File: pgfcoretransformations.code.tex 2023-01-15 v3.1.10 (3.1.10)
\pgf@pt@x=\dimen193
\pgf@pt@y=\dimen194
\pgf@pt@temp=\dimen195
)
(c:/texlive/2024/texmf-dist/tex/generic/pgf/basiclayer/pgfcorequick.code.tex
File: pgfcorequick.code.tex 2023-01-15 v3.1.10 (3.1.10)
)
(c:/texlive/2024/texmf-dist/tex/generic/pgf/basiclayer/pgfcoreobjects.code.tex
File: pgfcoreobjects.code.tex 2023-01-15 v3.1.10 (3.1.10)
)
(c:/texlive/2024/texmf-dist/tex/generic/pgf/basiclayer/pgfcorepathprocessing.co
de.tex
File: pgfcorepathprocessing.code.tex 2023-01-15 v3.1.10 (3.1.10)
)
(c:/texlive/2024/texmf-dist/tex/generic/pgf/basiclayer/pgfcorearrows.code.tex
File: pgfcorearrows.code.tex 2023-01-15 v3.1.10 (3.1.10)
\pgfarrowsep=\dimen196
)
(c:/texlive/2024/texmf-dist/tex/generic/pgf/basiclayer/pgfcoreshade.code.tex
File: pgfcoreshade.code.tex 2023-01-15 v3.1.10 (3.1.10)
\pgf@max=\dimen197
\pgf@sys@shading@range@num=\count294
\pgf@shadingcount=\count295
)
(c:/texlive/2024/texmf-dist/tex/generic/pgf/basiclayer/pgfcoreimage.code.tex
File: pgfcoreimage.code.tex 2023-01-15 v3.1.10 (3.1.10)
)
(c:/texlive/2024/texmf-dist/tex/generic/pgf/basiclayer/pgfcoreexternal.code.tex
File: pgfcoreexternal.code.tex 2023-01-15 v3.1.10 (3.1.10)
\pgfexternal@startupbox=\box59
) (c:/texlive/2024/texmf-dist/tex/generic/pgf/basiclayer/pgfcorelayers.code.tex
File: pgfcorelayers.code.tex 2023-01-15 v3.1.10 (3.1.10)
)
(c:/texlive/2024/texmf-dist/tex/generic/pgf/basiclayer/pgfcoretransparency.code
.tex
File: pgfcoretransparency.code.tex 2023-01-15 v3.1.10 (3.1.10)
)
(c:/texlive/2024/texmf-dist/tex/generic/pgf/basiclayer/pgfcorepatterns.code.tex
File: pgfcorepatterns.code.tex 2023-01-15 v3.1.10 (3.1.10)
) (c:/texlive/2024/texmf-dist/tex/generic/pgf/basiclayer/pgfcorerdf.code.tex
File: pgfcorerdf.code.tex 2023-01-15 v3.1.10 (3.1.10)
))) (c:/texlive/2024/texmf-dist/tex/generic/pgf/modules/pgfmoduleshapes.code.te
x
File: pgfmoduleshapes.code.tex 2023-01-15 v3.1.10 (3.1.10)
\pgfnodeparttextbox=\box60
)
(c:/texlive/2024/texmf-dist/tex/generic/pgf/modules/pgfmoduleplot.code.tex
File: pgfmoduleplot.code.tex 2023-01-15 v3.1.10 (3.1.10)
)
(c:/texlive/2024/texmf-dist/tex/latex/pgf/compatibility/pgfcomp-version-0-65.st
y
Package: pgfcomp-version-0-65 2023-01-15 v3.1.10 (3.1.10)
\pgf@nodesepstart=\dimen198
\pgf@nodesepend=\dimen199
)
(c:/texlive/2024/texmf-dist/tex/latex/pgf/compatibility/pgfcomp-version-1-18.st
y
Package: pgfcomp-version-1-18 2023-01-15 v3.1.10 (3.1.10)
)) (c:/texlive/2024/texmf-dist/tex/latex/pgf/utilities/pgffor.sty
(c:/texlive/2024/texmf-dist/tex/latex/pgf/utilities/pgfkeys.sty
(c:/texlive/2024/texmf-dist/tex/generic/pgf/utilities/pgfkeys.code.tex))
(c:/texlive/2024/texmf-dist/tex/latex/pgf/math/pgfmath.sty
(c:/texlive/2024/texmf-dist/tex/generic/pgf/math/pgfmath.code.tex))
(c:/texlive/2024/texmf-dist/tex/generic/pgf/utilities/pgffor.code.tex
Package: pgffor 2023-01-15 v3.1.10 (3.1.10)
\pgffor@iter=\dimen256
\pgffor@skip=\dimen257
\pgffor@stack=\toks34
\pgffor@toks=\toks35
))
(c:/texlive/2024/texmf-dist/tex/generic/pgf/frontendlayer/tikz/tikz.code.tex
Package: tikz 2023-01-15 v3.1.10 (3.1.10)

(c:/texlive/2024/texmf-dist/tex/generic/pgf/libraries/pgflibraryplothandlers.co
de.tex
File: pgflibraryplothandlers.code.tex 2023-01-15 v3.1.10 (3.1.10)
\pgf@plot@mark@count=\count296
\pgfplotmarksize=\dimen258
)
\tikz@lastx=\dimen259
\tikz@lasty=\dimen260
\tikz@lastxsaved=\dimen261
\tikz@lastysaved=\dimen262
\tikz@lastmovetox=\dimen263
\tikz@lastmovetoy=\dimen264
\tikzleveldistance=\dimen265
\tikzsiblingdistance=\dimen266
\tikz@figbox=\box61
\tikz@figbox@bg=\box62
\tikz@tempbox=\box63
\tikz@tempbox@bg=\box64
\tikztreelevel=\count297
\tikznumberofchildren=\count298
\tikznumberofcurrentchild=\count299
\tikz@fig@count=\count300

(c:/texlive/2024/texmf-dist/tex/generic/pgf/modules/pgfmodulematrix.code.tex
File: pgfmodulematrix.code.tex 2023-01-15 v3.1.10 (3.1.10)
\pgfmatrixcurrentrow=\count301
\pgfmatrixcurrentcolumn=\count302
\pgf@matrix@numberofcolumns=\count303
)
\tikz@expandcount=\count304

(c:/texlive/2024/texmf-dist/tex/generic/pgf/frontendlayer/tikz/libraries/tikzli
brarytopaths.code.tex
File: tikzlibrarytopaths.code.tex 2023-01-15 v3.1.10 (3.1.10)
)))
(c:/texlive/2024/texmf-dist/tex/latex/tabulary/tabulary.sty
Package: tabulary 2024/06/04 v0.11 tabulary package (DPC)

(c:/texlive/2024/texmf-dist/tex/latex/tools/array.sty
Package: array 2024/06/14 v2.6d Tabular extension package (FMi)
\col@sep=\dimen267
\ar@mcellbox=\box65
\extrarowheight=\dimen268
\NC@list=\toks36
\extratabsurround=\skip63
\backup@length=\skip64
\ar@cellbox=\box66
)
\TY@count=\count305
\TY@linewidth=\dimen269
\tymin=\dimen270
\tymax=\dimen271
\TY@tablewidth=\dimen272
)
(c:/texlive/2024/texmf-dist/tex/latex/tools/tabularx.sty
Package: tabularx 2023/12/11 v2.12a `tabularx' package (DPC)
\TX@col@width=\dimen273
\TX@old@table=\dimen274
\TX@old@col=\dimen275
\TX@target=\dimen276
\TX@delta=\dimen277
\TX@cols=\count306
\TX@ftn=\toks37
)
(c:/texlive/2024/texmf-dist/tex/latex/titlesec/titlesec.sty
Package: titlesec 2023/10/27 v2.16 Sectioning titles
\ttl@box=\box67
\beforetitleunit=\skip65
\aftertitleunit=\skip66
\ttl@plus=\dimen278
\ttl@minus=\dimen279
\ttl@toksa=\toks38
\titlewidth=\dimen280
\titlewidthlast=\dimen281
\titlewidthfirst=\dimen282
)
(c:/texlive/2024/texmf-dist/tex/latex/chngcntr/chngcntr.sty
Package: chngcntr 2018/04/09 v1.1a change counter resetting
Package chngcntr Info: \counterwithout already defined.
(chngcntr)             Quitting chngcntr on input line 21.
)
(c:/texlive/2024/texmf-dist/tex/latex/parskip/parskip.sty
Package: parskip 2021-03-14 v2.0h non-zero parskip adjustments

(c:/texlive/2024/texmf-dist/tex/latex/kvoptions/kvoptions.sty
Package: kvoptions 2022-06-15 v3.15 Key value format for package options (HO)

(c:/texlive/2024/texmf-dist/tex/generic/ltxcmds/ltxcmds.sty
Package: ltxcmds 2023-12-04 v1.26 LaTeX kernel commands for general use (HO)
)
(c:/texlive/2024/texmf-dist/tex/latex/kvsetkeys/kvsetkeys.sty
Package: kvsetkeys 2022-10-05 v1.19 Key value parser (HO)
))
(c:/texlive/2024/texmf-dist/tex/latex/etoolbox/etoolbox.sty
Package: etoolbox 2020/10/05 v2.5k e-TeX tools for LaTeX (JAW)
\etb@tempcnta=\count307
))
(c:/texlive/2024/texmf-dist/tex/latex/base/ifthen.sty
Package: ifthen 2024/03/16 v1.1e Standard LaTeX ifthen package (DPC)
)
(c:/texlive/2024/texmf-dist/tex/latex/multirow/multirow.sty
Package: multirow 2021/03/15 v2.8 Span multiple rows of a table
\multirow@colwidth=\skip67
\multirow@cntb=\count308
\multirow@dima=\skip68
\bigstrutjot=\dimen283
)
(c:/texlive/2024/texmf-dist/tex/latex/units/units.sty
Package: units 1998/08/04 v0.9b Typesetting units

(c:/texlive/2024/texmf-dist/tex/latex/units/nicefrac.sty
Package: nicefrac 1998/08/04 v0.9b Nice fractions
\L@UnitsRaiseDisplaystyle=\skip69
\L@UnitsRaiseTextstyle=\skip70
\L@UnitsRaiseScriptstyle=\skip71
))
(c:/texlive/2024/texmf-dist/tex/latex/lipsum/lipsum.sty
(c:/texlive/2024/texmf-dist/tex/latex/l3packages/l3keys2e/l3keys2e.sty
(c:/texlive/2024/texmf-dist/tex/latex/l3kernel/expl3.sty
Package: expl3 2024-08-30 L3 programming layer (loader) 

(c:/texlive/2024/texmf-dist/tex/latex/l3backend/l3backend-pdftex.def
File: l3backend-pdftex.def 2024-05-08 L3 backend support: PDF output (pdfTeX)
\l__color_backend_stack_int=\count309
\l__pdf_internal_box=\box68
))
Package: l3keys2e 2024-08-16 LaTeX2e option processing using LaTeX3 keys
)
Package: lipsum 2021-09-20 v2.7 150 paragraphs of Lorem Ipsum dummy text
\g__lipsum_par_int=\count310
\l__lipsum_a_int=\count311
\l__lipsum_b_int=\count312

(c:/texlive/2024/texmf-dist/tex/latex/lipsum/lipsum.ltd.tex))
(c:/texlive/2024/texmf-dist/tex/latex/appendix/appendix.sty
Package: appendix 2020/02/08 v1.2c extra appendix facilities
\c@@pps=\count313
\c@@ppsavesec=\count314
\c@@ppsaveapp=\count315
)
(c:/texlive/2024/texmf-dist/tex/latex/tocloft/tocloft.sty
Package: tocloft 2017/08/31 v2.3i parameterised ToC, etc., typesetting
Package tocloft Info: The document has section divisions on input line 51.
\cftparskip=\skip72
\cftbeforetoctitleskip=\skip73
\cftaftertoctitleskip=\skip74
\cftbeforepartskip=\skip75
\cftpartnumwidth=\skip76
\cftpartindent=\skip77
\cftbeforesecskip=\skip78
\cftsecindent=\skip79
\cftsecnumwidth=\skip80
\cftbeforesubsecskip=\skip81
\cftsubsecindent=\skip82
\cftsubsecnumwidth=\skip83
\cftbeforesubsubsecskip=\skip84
\cftsubsubsecindent=\skip85
\cftsubsubsecnumwidth=\skip86
\cftbeforeparaskip=\skip87
\cftparaindent=\skip88
\cftparanumwidth=\skip89
\cftbeforesubparaskip=\skip90
\cftsubparaindent=\skip91
\cftsubparanumwidth=\skip92
\cftbeforeloftitleskip=\skip93
\cftafterloftitleskip=\skip94
\cftbeforefigskip=\skip95
\cftfigindent=\skip96
\cftfignumwidth=\skip97
\c@lofdepth=\count316
\c@lotdepth=\count317
\cftbeforelottitleskip=\skip98
\cftafterlottitleskip=\skip99
\cftbeforetabskip=\skip100
\cfttabindent=\skip101
\cfttabnumwidth=\skip102


Package tocloft Warning: \@starttoc has already been redefined; tocloft bailing
 out. on input line 1156.

) (c:/texlive/2024/texmf-dist/tex/latex/caption/caption.sty
Package: caption 2023/08/05 v3.6o Customizing captions (AR)

(c:/texlive/2024/texmf-dist/tex/latex/caption/caption3.sty
Package: caption3 2023/07/31 v2.4d caption3 kernel (AR)
\caption@tempdima=\dimen284
\captionmargin=\dimen285
\caption@leftmargin=\dimen286
\caption@rightmargin=\dimen287
\caption@width=\dimen288
\caption@indent=\dimen289
\caption@parindent=\dimen290
\caption@hangindent=\dimen291
Package caption Info: Standard document class detected.
)
\c@caption@flags=\count318
\c@continuedfloat=\count319
)
(c:/texlive/2024/texmf-dist/tex/latex/caption/subcaption.sty
Package: subcaption 2023/07/28 v1.6b Sub-captions (AR)
Package caption Info: New subtype `subfigure' on input line 238.
\c@subfigure=\count320
Package caption Info: New subtype `subtable' on input line 238.
\c@subtable=\count321
)
(c:/texlive/2024/texmf-dist/tex/latex/booktabs/booktabs.sty
Package: booktabs 2020/01/12 v1.61803398 Publication quality tables
\heavyrulewidth=\dimen292
\lightrulewidth=\dimen293
\cmidrulewidth=\dimen294
\belowrulesep=\dimen295
\belowbottomsep=\dimen296
\aboverulesep=\dimen297
\abovetopsep=\dimen298
\cmidrulesep=\dimen299
\cmidrulekern=\dimen300
\defaultaddspace=\dimen301
\@cmidla=\count322
\@cmidlb=\count323
\@aboverulesep=\dimen302
\@belowrulesep=\dimen303
\@thisruleclass=\count324
\@lastruleclass=\count325
\@thisrulewidth=\dimen304
)
(c:/texlive/2024/texmf-dist/tex/latex/glossaries/base/glossaries.sty
Package: glossaries 2024/04/03 v4.54 (NLCT)

(c:/texlive/2024/texmf-dist/tex/latex/xkeyval/xkeyval.sty
Package: xkeyval 2022/06/16 v2.9 package option processing (HA)

(c:/texlive/2024/texmf-dist/tex/generic/xkeyval/xkeyval.tex
(c:/texlive/2024/texmf-dist/tex/generic/xkeyval/xkvutils.tex
\XKV@toks=\toks39
\XKV@tempa@toks=\toks40
)
\XKV@depth=\count326
File: xkeyval.tex 2014/12/03 v2.7a key=value parser (HA)
))
(c:/texlive/2024/texmf-dist/tex/latex/mfirstuc/mfirstuc.sty
Package: mfirstuc 2022/10/14 v2.08 (NLCT)
\@glsmfirst=\toks41
\@glsmrest=\toks42
)
(c:/texlive/2024/texmf-dist/tex/latex/xfor/xfor.sty
Package: xfor 2009/02/05 v1.05 (NLCT)
)
(c:/texlive/2024/texmf-dist/tex/latex/datatool/datatool-base.sty
Package: datatool-base 2019/09/27 v2.32 (NLCT)

(c:/texlive/2024/texmf-dist/tex/latex/substr/substr.sty
Package: substr 2009/10/20 v1.2 Handle substrings
\c@su@anzahl=\count327
)
(c:/texlive/2024/texmf-dist/tex/latex/datatool/datatool-fp.sty
Package: datatool-fp 2019/09/27 v2.32 (NLCT)

(c:/texlive/2024/texmf-dist/tex/latex/fp/fp.sty
Package: fp 1995/04/02

`Fixed Point Package', Version 0.8, April 2, 1995 (C) Michael Mehlich
(c:/texlive/2024/texmf-dist/tex/latex/fp/defpattern.sty
Package: defpattern 1994/10/12
\actioncount=\count328
)
(c:/texlive/2024/texmf-dist/tex/latex/fp/fp-basic.sty
Package: fp-basic 1996/05/13
\FP@xs=\count329
\FP@xia=\count330
\FP@xib=\count331
\FP@xfa=\count332
\FP@xfb=\count333
\FP@rega=\count334
\FP@regb=\count335
\FP@regs=\count336
\FP@times=\count337
)
(c:/texlive/2024/texmf-dist/tex/latex/fp/fp-addons.sty
Package: fp-addons 1995/03/15
)
(c:/texlive/2024/texmf-dist/tex/latex/fp/fp-snap.sty
Package: fp-snap 1995/04/05
)
(c:/texlive/2024/texmf-dist/tex/latex/fp/fp-exp.sty
Package: fp-exp 1995/04/03
)
(c:/texlive/2024/texmf-dist/tex/latex/fp/fp-trigo.sty
Package: fp-trigo 1995/04/14
)
(c:/texlive/2024/texmf-dist/tex/latex/fp/fp-pas.sty
Package: fp-pas 1994/08/29
)
(c:/texlive/2024/texmf-dist/tex/latex/fp/fp-random.sty
Package: fp-random 1995/02/23
\FPseed=\count338
)
(c:/texlive/2024/texmf-dist/tex/latex/fp/fp-eqn.sty
Package: fp-eqn 1995/04/03
)
(c:/texlive/2024/texmf-dist/tex/latex/fp/fp-upn.sty
Package: fp-upn 1996/10/21
)
(c:/texlive/2024/texmf-dist/tex/latex/fp/fp-eval.sty
Package: fp-eval 1995/04/03
)))
\@dtl@toks=\toks43
\@dtl@tmpcount=\count339
\dtl@tmplength=\skip103
\dtl@sortresult=\count340
\@dtl@numgrpsepcount=\count341
\@dtl@datatype=\count342
\dtl@codeA=\count343
\dtl@codeB=\count344
\@dtl@foreach@level=\count345
)
\gls@level=\count346
\@gls@tmpb=\toks44
\gls@tmplen=\skip104
\glskeylisttok=\toks45
\glslabeltok=\toks46
\glsshorttok=\toks47
\glslongtok=\toks48

(c:/texlive/2024/texmf-dist/tex/latex/glossaries/styles/glossary-hypernav.sty
Package: glossary-hypernav 2024/04/03 v4.54 (NLCT)
)
(c:/texlive/2024/texmf-dist/tex/latex/glossaries/styles/glossary-list.sty
Package: glossary-list 2024/04/03 v4.54 (NLCT)
\glslistdottedwidth=\skip105
)
(c:/texlive/2024/texmf-dist/tex/latex/glossaries/styles/glossary-long.sty
Package: glossary-long 2024/04/03 v4.54 (NLCT)

(c:/texlive/2024/texmf-dist/tex/latex/tools/longtable.sty
Package: longtable 2024-04-26 v4.20 Multi-page Table package (DPC)
\LTleft=\skip106
\LTright=\skip107
\LTpre=\skip108
\LTpost=\skip109
\LTchunksize=\count347
\LTcapwidth=\dimen305
\LT@head=\box69
\LT@firsthead=\box70
\LT@foot=\box71
\LT@lastfoot=\box72
\LT@gbox=\box73
\LT@cols=\count348
\LT@rows=\count349
\c@LT@tables=\count350
\c@LT@chunks=\count351
\LT@p@ftn=\toks49
)
\glsdescwidth=\skip110
\glspagelistwidth=\skip111
)
(c:/texlive/2024/texmf-dist/tex/latex/glossaries/styles/glossary-super.sty
Package: glossary-super 2024/04/03 v4.54 (NLCT)

(c:/texlive/2024/texmf-dist/tex/latex/supertabular/supertabular.sty
Package: supertabular 2024/07/20 v4.2c the supertabular environment
\c@tracingst=\count352
\ST@wd=\dimen306
\ST@rightskip=\skip112
\ST@leftskip=\skip113
\ST@parfillskip=\skip114
\ST@pageleft=\dimen307
\ST@headht=\dimen308
\ST@tailht=\dimen309
\ST@pagesofar=\dimen310
\ST@pboxht=\dimen311
\ST@rowht=\dimen312
\ST@prevht=\dimen313
\ST@toadd=\dimen314
\ST@dimen=\dimen315
\ST@pbox=\box74
))
(c:/texlive/2024/texmf-dist/tex/latex/glossaries/styles/glossary-tree.sty
Package: glossary-tree 2024/04/03 v4.54 (NLCT)
\glstreeindent=\skip115
))
(c:/texlive/2024/texmf-dist/tex/latex/float/float.sty
Package: float 2001/11/08 v1.3d Float enhancements (AL)
\c@float@type=\count353
\float@exts=\toks50
\float@box=\box75
\@float@everytoks=\toks51
\@floatcapt=\box76
) (./A-Nomenclatura.tex)
(./Formato-MT-Latex.aux (./Pagina_Titulo.aux) (./C0-Agradecimientos.aux)
(./C0-Resumen.aux) (./C0-Abstract.aux) (./C1-Introduccion.aux)
(./C2-Marco_Teorico.aux) (./C3-Estado_del_Arte.aux)
(./C4-Diseno_de_la_suite_de_simulacion.aux)
(./C5-Verificacion_de_la_suite_de_simulacion.aux)
(./C6-Aplicacion_de_optimizacion_en_Python.aux) (./C8-Conclusiones.aux)
(./Z1-CartaGantt.aux) (./Z2-Torques.aux) (./Z3-Conversion.aux) (./Z4-EKF.aux)
(./Z5-Magnetorquer.aux) (./Z6-RuedaReaccion.aux) (./Z7-Componentes.aux)
(./Z8-MoP.aux) (./Z9-Funcionescosto.aux) (./Z10-Codigo.aux))
\openout1 = `Formato-MT-Latex.aux'.

LaTeX Font Info:    Checking defaults for OML/cmm/m/it on input line 73.
LaTeX Font Info:    ... okay on input line 73.
LaTeX Font Info:    Checking defaults for OMS/cmsy/m/n on input line 73.
LaTeX Font Info:    ... okay on input line 73.
LaTeX Font Info:    Checking defaults for OT1/cmr/m/n on input line 73.
LaTeX Font Info:    ... okay on input line 73.
LaTeX Font Info:    Checking defaults for T1/cmr/m/n on input line 73.
LaTeX Font Info:    ... okay on input line 73.
LaTeX Font Info:    Checking defaults for TS1/cmr/m/n on input line 73.
LaTeX Font Info:    ... okay on input line 73.
LaTeX Font Info:    Checking defaults for OMX/cmex/m/n on input line 73.
LaTeX Font Info:    ... okay on input line 73.
LaTeX Font Info:    Checking defaults for U/cmr/m/n on input line 73.
LaTeX Font Info:    ... okay on input line 73.
LaTeX Font Info:    Checking defaults for LGR/cmr/m/n on input line 73.
LaTeX Font Info:    Trying to load font information for LGR+cmr on input line 7
3.

(c:/texlive/2024/texmf-dist/tex/latex/cbfonts-fd/lgrcmr.fd
File: lgrcmr.fd 2017/07/29 v1.2 Greek European Computer Regular
)
LaTeX Font Info:    ... okay on input line 73.

*geometry* driver: auto-detecting
*geometry* detected driver: pdftex
*geometry* verbose mode - [ preamble ] result:
* driver: pdftex
* paper: letterpaper
* layout: <same size as paper>
* layoutoffset:(h,v)=(0.0pt,0.0pt)
* modes: 
* h-part:(L,W,R)=(71.13188pt, 486.25761pt, 56.9055pt)
* v-part:(T,H,B)=(71.13188pt, 666.9326pt, 56.9055pt)
* \paperwidth=614.295pt
* \paperheight=794.96999pt
* \textwidth=486.25761pt
* \textheight=666.9326pt
* \oddsidemargin=-1.1381pt
* \evensidemargin=-1.1381pt
* \topmargin=-38.1381pt
* \headheight=12.0pt
* \headsep=25.0pt
* \topskip=12.0pt
* \footskip=30.0pt
* \marginparwidth=44.0pt
* \marginparsep=10.0pt
* \columnsep=10.0pt
* \skip\footins=10.8pt plus 4.0pt minus 2.0pt
* \hoffset=0.0pt
* \voffset=0.0pt
* \mag=1000
* \@twocolumnfalse
* \@twosidefalse
* \@mparswitchfalse
* \@reversemarginfalse
* (1in=72.27pt=25.4mm, 1cm=28.453pt)

(c:/texlive/2024/texmf-dist/tex/context/base/mkii/supp-pdf.mkii
[Loading MPS to PDF converter (version 2006.09.02).]
\scratchcounter=\count354
\scratchdimen=\dimen316
\scratchbox=\box77
\nofMPsegments=\count355
\nofMParguments=\count356
\everyMPshowfont=\toks52
\MPscratchCnt=\count357
\MPscratchDim=\dimen317
\MPnumerator=\count358
\makeMPintoPDFobject=\count359
\everyMPtoPDFconversion=\toks53
) (c:/texlive/2024/texmf-dist/tex/latex/epstopdf-pkg/epstopdf-base.sty
Package: epstopdf-base 2020-01-24 v2.11 Base part for package epstopdf
Package epstopdf-base Info: Redefining graphics rule for `.eps' on input line 4
85.

(c:/texlive/2024/texmf-dist/tex/latex/latexconfig/epstopdf-sys.cfg
File: epstopdf-sys.cfg 2010/07/13 v1.3 Configuration of (r)epstopdf for TeX Liv
e
))
Package caption Info: Begin \AtBeginDocument code.
Package caption Info: float package is loaded.
Package caption Info: longtable package is loaded.

(c:/texlive/2024/texmf-dist/tex/latex/caption/ltcaption.sty
Package: ltcaption 2021/01/08 v1.4c longtable captions (AR)
)
Package caption Info: supertabular package is loaded.
Package caption Info: End \AtBeginDocument code.
\openout2 = `Pagina_Titulo.aux'.


(./Pagina_Titulo.tex
<udec.png, id=4, 398.99063pt x 161.10187pt>
File: udec.png Graphic file (type png)
<use udec.png>
Package pdftex.def Info: udec.png  used on input line 6.
(pdftex.def)             Requested size: 123.83192pt x 50.0pt.
<logo_FI.png, id=6, 526.96875pt x 407.27156pt>
File: logo_FI.png Graphic file (type png)
<use logo_FI.png>
Package pdftex.def Info: logo_FI.png  used on input line 10.
(pdftex.def)             Requested size: 116.44809pt x 90.0pt.

Overfull \hbox (2.61107pt too wide) in paragraph at lines 4--12
[]$[]$ $[]$ 
 []

)

[1


{c:/texlive/2024/texmf-var/fonts/map/pdftex/updmap/pdftex.map}{c:/texlive/2024/
texmf-dist/fonts/enc/dvips/cm-super/cm-super-ts1.enc} <./udec.PNG> <./logo_FI.p
ng>]
\openout2 = `C0-Agradecimientos.aux'.

 (./C0-Agradecimientos.tex)

[2



]
\openout2 = `C0-Resumen.aux'.

 (./C0-Resumen.tex)

[3



]
\openout2 = `C0-Abstract.aux'.

 (./C0-Abstract.tex)

[4



] (./Formato-MT-Latex.toc

[5


])
\tf@toc=\write4
\openout4 = `Formato-MT-Latex.toc'.



[6]

[7] (./Formato-MT-Latex.lof
Overfull \hbox (3.20715pt too wide) in paragraph at lines 22--22
 [][] []\OT1/cmr/m/n/12 Componentes de las fuerzas magn^^Seticas re-specto a EC
I que afectan al SUCHAI- 
 []



[1

]

[2])
\tf@lof=\write5
\openout5 = `Formato-MT-Latex.lof'.



[3] (./Formato-MT-Latex.lot)
\tf@lot=\write6
\openout6 = `Formato-MT-Latex.lot'.



[4

]
Using TeX to sort glossary entries---this may take a while


[5

]
\openout2 = `C1-Introduccion.aux'.

 (./C1-Introduccion.tex
<Nanosats_years_2024-05-31_large.png, id=52, 963.6pt x 542.025pt>
File: Nanosats_years_2024-05-31_large.png Graphic file (type png)
<use Nanosats_years_2024-05-31_large.png>
Package pdftex.def Info: Nanosats_years_2024-05-31_large.png  used on input lin
e 8.
(pdftex.def)             Requested size: 486.25761pt x 273.51782pt.


[6

 <./Nanosats_years_2024-05-31_large.png (PNG copy)>]
<diagrama memoria1234.pdf, id=58, 466.6252pt x 241.84843pt>
File: diagrama memoria1234.pdf Graphic file (type pdf)
<use diagrama memoria1234.pdf>
Package pdftex.def Info: diagrama memoria1234.pdf  used on input line 36.
(pdftex.def)             Requested size: 437.62888pt x 226.83199pt.


LaTeX Warning: `h' float specifier changed to `ht'.



[7]

[8 <./diagrama memoria1234.pdf>]
<bloque02.pdf, id=74, 456.1958pt x 217.07813pt>
File: bloque02.pdf Graphic file (type pdf)
<use bloque02.pdf>
Package pdftex.def Info: bloque02.pdf  used on input line 55.
(pdftex.def)             Requested size: 437.62888pt x 208.24356pt.


[9 <./bloque02.pdf>]

[10]
Underfull \hbox (badness 10000) in paragraph at lines 103--103
[]|\OT1/cmr/bx/n/12 Objetivos es-
 []


Underfull \hbox (badness 10000) in paragraph at lines 105--105
[]|\OT1/cmr/m/n/12 Finalizaci^^Son de la
 []


Underfull \hbox (badness 10000) in paragraph at lines 105--105
[]|\OT1/cmr/m/n/12 OE1, OE2, OE3,
 []


Underfull \hbox (badness 10000) in paragraph at lines 105--105
[]|\OT1/cmr/m/n/12 Avance I: Pre-
 []


Underfull \hbox (badness 10000) in paragraph at lines 107--107
[]|\OT1/cmr/m/n/12 Implementaci^^Son de
 []


Underfull \hbox (badness 10000) in paragraph at lines 107--107
\OT1/cmr/m/n/12 la op-ti-mizaci^^Son de
 []


Underfull \hbox (badness 10000) in paragraph at lines 109--109
[]|\OT1/cmr/m/n/12 Verificaci^^Son de la
 []


Underfull \hbox (badness 10000) in paragraph at lines 109--109
\OT1/cmr/m/n/12 y Redacci^^Son de
 []


Underfull \hbox (badness 2753) in paragraph at lines 109--109
[]|\OT1/cmr/m/n/12 Avance III: En-trega
 []


Underfull \hbox (badness 10000) in paragraph at lines 109--109
\OT1/cmr/m/n/12 con manuscrito de
 []


Overfull \hbox (13.29596pt too wide) in paragraph at lines 101--114
 [][] 
 []

)

[11]
\openout2 = `C2-Marco_Teorico.aux'.

 (./C2-Marco_Teorico.tex
<body.pdf, id=93, 158.83827pt x 231.121pt>
File: body.pdf Graphic file (type pdf)
<use body.pdf>
Package pdftex.def Info: body.pdf  used on input line 12.
(pdftex.def)             Requested size: 136.15154pt x 198.12186pt.
<ECI.png, id=94, 599.23875pt x 309.40594pt>
File: ECI.png Graphic file (type png)
<use ECI.png>
Package pdftex.def Info: ECI.png  used on input line 21.
(pdftex.def)             Requested size: 389.00757pt x 200.86125pt.


[12



 <./body.pdf>]
<RPY.pdf, id=113, 340.87982pt x 168.70404pt>
File: RPY.pdf Graphic file (type pdf)
<use RPY.pdf>
Package pdftex.def Info: RPY.pdf  used on input line 35.
(pdftex.def)             Requested size: 291.75752pt x 144.39275pt.


[13 <./ECI.png> <./RPY.pdf>]
<keplerianos.png, id=126, 836.12375pt x 753.81625pt>
File: keplerianos.png Graphic file (type png)
<use keplerianos.png>
Package pdftex.def Info: keplerianos.png  used on input line 67.
(pdftex.def)             Requested size: 218.81444pt x 197.27586pt.


[14 <./keplerianos.png>]

[15]
<DCM.png, id=135, 495.65175pt x 389.0535pt>
File: DCM.png Graphic file (type png)
<use DCM.png>
Package pdftex.def Info: DCM.png  used on input line 115.
(pdftex.def)             Requested size: 218.81444pt x 171.75395pt.
<axis_angle.pdf, id=136, 145.90816pt x 145.92926pt>
File: axis_angle.pdf Graphic file (type pdf)
<use axis_angle.pdf>
Package pdftex.def Info: axis_angle.pdf  used on input line 124.
(pdftex.def)             Requested size: 145.87875pt x 145.89993pt.


[16 <./DCM.png>]
<euler_angles.png, id=141, 525.162pt x 475.7775pt>
File: euler_angles.png Graphic file (type png)
<use euler_angles.png>
Package pdftex.def Info: euler_angles.png  used on input line 133.
(pdftex.def)             Requested size: 291.75752pt x 264.32098pt.


[17 <./axis_angle.pdf> <./euler_angles.png>]

[18]

[19]

[20]

[21]

[22]

[23]

[24]
Overfull \hbox (15.64366pt too wide) in paragraph at lines 433--434
[]\OT1/cmr/m/n/12 El sis-tema es con-tro-lable y ob-serv-able si la ma-triz de 
con-tro-la-bil-i-dad $[] = [\OML/cmm/m/it/12 B; AB; A[]B; [] ; A[]B\OT1/cmr/m/n
/12 ]$
 []



[25]

[26]
Overfull \hbox (10.58398pt too wide) in paragraph at lines 507--508
\OT1/cmr/m/n/12 lin-eal, pero las re-stric-ciones in-volu-cran ma-tri-ces semid
efinidas pos-i-ti-vas. Un prob-lema semidefinido
 []



[27])

[28]
\openout2 = `C3-Estado_del_Arte.aux'.

 (./C3-Estado_del_Arte.tex
<Cubesat_Toolbox.png, id=215, 1103.92426pt x 648.021pt>
File: Cubesat_Toolbox.png Graphic file (type png)
<use Cubesat_Toolbox.png>
Package pdftex.def Info: Cubesat_Toolbox.png  used on input line 14.
(pdftex.def)             Requested size: 364.6932pt x 214.07501pt.
<Cubesat_Toolbox_2.png, id=216, 1103.322pt x 649.2255pt>
File: Cubesat_Toolbox_2.png Graphic file (type png)
<use Cubesat_Toolbox_2.png>
Package pdftex.def Info: Cubesat_Toolbox_2.png  used on input line 21.
(pdftex.def)             Requested size: 364.6932pt x 214.5918pt.


[29



 <./Cubesat_Toolbox.png>]
Overfull \hbox (9.58308pt too wide) in paragraph at lines 36--37
[]\OT1/cmr/m/n/12 Es rel-e-vante ya que es ca-paz de mod-e-lar un sat^^Selite m
e-di-ante su dise~no 3D, mostrando gr^^Saficamente
 []



[30 <./Cubesat_Toolbox_2.png>]
<STK.png, id=226, 416.757pt x 394.47375pt>
File: STK.png Graphic file (type png)
<use STK.png>
Package pdftex.def Info: STK.png  used on input line 40.
(pdftex.def)             Requested size: 194.50008pt x 184.10254pt.
<blockset_1.png, id=227, 578.16pt x 267.24844pt>
File: blockset_1.png Graphic file (type png)
<use blockset_1.png>
Package pdftex.def Info: blockset_1.png  used on input line 53.
(pdftex.def)             Requested size: 340.37885pt x 157.33675pt.


[31 <./STK.png> <./Blockset_1.png>]
<blockset_2.png, id=233, 671.50874pt x 256.70906pt>
File: blockset_2.png Graphic file (type png)
<use blockset_2.png>
Package pdftex.def Info: blockset_2.png  used on input line 62.
(pdftex.def)             Requested size: 437.62888pt x 167.30153pt.
<blockset_3.png, id=234, 648.92438pt x 305.64188pt>
File: blockset_3.png Graphic file (type png)
<use blockset_3.png>
Package pdftex.def Info: blockset_3.png  used on input line 71.
(pdftex.def)             Requested size: 291.75752pt x 137.4163pt.


[32 <./Blockset_2.png> <./Blockset_3.png>]
<blockset_4.png, id=240, 685.8122pt x 401.24907pt>
File: blockset_4.png Graphic file (type png)
<use blockset_4.png>
Package pdftex.def Info: blockset_4.png  used on input line 80.
(pdftex.def)             Requested size: 291.75752pt x 170.70308pt.
<blockset_5.png, id=241, 405.01312pt x 323.70938pt>
File: blockset_5.png Graphic file (type png)
<use blockset_5.png>
Package pdftex.def Info: blockset_5.png  used on input line 87.
(pdftex.def)             Requested size: 364.6932pt x 291.48886pt.


[33 <./Blockset_4.png> <./Blockset_5.png>]
Overfull \hbox (4.8484pt too wide) in paragraph at lines 103--104
[]\OT1/cmr/m/n/12 Una de las prin-ci-pales ven-ta-jas de Basilisk es su ca-paci
-dad para sim-u-lar sis-temas multi-plataforma
 []


Overfull \hbox (6.0225pt too wide) in paragraph at lines 117--134
 [][] 
 []



[34])

[35]
\openout2 = `C4-Diseno_de_la_suite_de_simulacion.aux'.

 (./C4-Diseno_de_la_suite_de_simulacion.tex
Overfull \hbox (10.64238pt too wide) in paragraph at lines 8--9
[]\OT1/cmr/bx/it/12 Propagaci^^Son or-bital\OT1/cmr/m/n/12 : En primera in-stan
-cia, el sim-u-lador busca cono-cer el posi-cionamiento
 []



[36



]
<bloques_generico.pdf, id=258, 520.68546pt x 389.80276pt>
File: bloques_generico.pdf Graphic file (type pdf)
<use bloques_generico.pdf>
Package pdftex.def Info: bloques_generico.pdf  used on input line 24.
(pdftex.def)             Requested size: 316.06447pt x 236.62544pt.


[37 <./bloques_generico.pdf>]
<pos.pdf, id=286, 722.7pt x 433.62pt>
File: pos.pdf Graphic file (type pdf)
<use pos.pdf>
Package pdftex.def Info: pos.pdf  used on input line 47.
(pdftex.def)             Requested size: 330.65161pt x 198.38913pt.
<vel.pdf, id=287, 722.7pt x 433.62pt>
File: vel.pdf Graphic file (type pdf)
<use vel.pdf>
Package pdftex.def Info: vel.pdf  used on input line 53.
(pdftex.def)             Requested size: 330.65161pt x 198.38913pt.


LaTeX Warning: `h' float specifier changed to `ht'.



[38]

[39 <./pos.pdf> <./vel.pdf>]
<ss.pdf, id=355, 722.7pt x 433.62pt>
File: ss.pdf Graphic file (type pdf)
<use ss.pdf>
Package pdftex.def Info: ss.pdf  used on input line 109.
(pdftex.def)             Requested size: 316.06447pt x 189.6355pt.


[40 <./ss.pdf>]
<bb.pdf, id=391, 722.7pt x 433.62pt>
File: bb.pdf Graphic file (type pdf)
<use bb.pdf>
Package pdftex.def Info: bb.pdf  used on input line 156.
(pdftex.def)             Requested size: 316.06447pt x 189.6355pt.


LaTeX Warning: `h' float specifier changed to `ht'.



[41]

[42 <./bb.pdf>]

[43]

[44]
Underfull \hbox (badness 10000) in paragraph at lines 307--312

 []


Underfull \hbox (badness 10000) in paragraph at lines 307--312

 []



[45]

[46]
Underfull \hbox (badness 10000) in paragraph at lines 419--422

 []


Underfull \hbox (badness 10000) in paragraph at lines 419--422

 []



[47]
<suite.pdf, id=448, 520.68546pt x 438.17244pt>
File: suite.pdf Graphic file (type pdf)
<use suite.pdf>
Package pdftex.def Info: suite.pdf  used on input line 433.
(pdftex.def)             Requested size: 437.62888pt x 368.29634pt.
)

[48]

[49 <./suite.pdf>]
\openout2 = `C5-Verificacion_de_la_suite_de_simulacion.aux'.

 (./C5-Verificacion_de_la_suite_de_simulacion.tex
Underfull \hbox (badness 10000) in paragraph at lines 17--22

 []


Underfull \hbox (badness 10000) in paragraph at lines 17--22

 []



[50



]

LaTeX Warning: `!h' float specifier changed to `!ht'.


Overfull \hbox (3.9862pt too wide) in paragraph at lines 74--98
 [][] 
 []


LaTeX Warning: `!h' float specifier changed to `!ht'.



[51]
Overfull \hbox (10.20529pt too wide) in paragraph at lines 105--106
\OT1/cmr/m/n/12 En esta secci^^Son se pre-sen-tar^^San an^^Salisis re-specto a 
los re-sul-ta-dos obtenidos uti-lizando los par^^Sametros
 []



[52]
<MT_RW_nivel2.pdf, id=481, 939.51pt x 578.16pt>
File: MT_RW_nivel2.pdf Graphic file (type pdf)
<use MT_RW_nivel2.pdf>
Package pdftex.def Info: MT_RW_nivel2.pdf  used on input line 117.
(pdftex.def)             Requested size: 471.67047pt x 290.25261pt.


LaTeX Warning: `!h' float specifier changed to `!ht'.



[53 <./MT_RW_nivel2.pdf>]
<PD_LQR_nivel2.pdf, id=527, 939.51pt x 578.16pt>
File: PD_LQR_nivel2.pdf Graphic file (type pdf)
<use PD_LQR_nivel2.pdf>
Package pdftex.def Info: PD_LQR_nivel2.pdf  used on input line 153.
(pdftex.def)             Requested size: 471.67047pt x 290.25261pt.


[54 <./PD_LQR_nivel2.pdf>]
<MT_LQR_sensores.pdf, id=576, 1228.59pt x 578.16pt>
File: MT_LQR_sensores.pdf Graphic file (type pdf)
<use MT_LQR_sensores.pdf>
Package pdftex.def Info: MT_LQR_sensores.pdf  used on input line 188.
(pdftex.def)             Requested size: 471.67047pt x 221.9615pt.


[55]
<RW_LQR_sensores.pdf, id=580, 1228.59pt x 578.16pt>
File: RW_LQR_sensores.pdf Graphic file (type pdf)
<use RW_LQR_sensores.pdf>
Package pdftex.def Info: RW_LQR_sensores.pdf  used on input line 222.
(pdftex.def)             Requested size: 471.67047pt x 221.9615pt.


[56 <./MT_LQR_sensores.pdf>]

[57 <./RW_LQR_sensores.pdf>]
<MT_LQR_actuadores.pdf, id=673, 1228.59pt x 578.16pt>
File: MT_LQR_actuadores.pdf Graphic file (type pdf)
<use MT_LQR_actuadores.pdf>
Package pdftex.def Info: MT_LQR_actuadores.pdf  used on input line 262.
(pdftex.def)             Requested size: 471.67047pt x 221.9615pt.


LaTeX Warning: `!h' float specifier changed to `!ht'.



[58 <./MT_LQR_actuadores.pdf>]
<RW_LQR_actuadores.pdf, id=721, 1228.59pt x 578.16pt>
File: RW_LQR_actuadores.pdf Graphic file (type pdf)
<use RW_LQR_actuadores.pdf>
Package pdftex.def Info: RW_LQR_actuadores.pdf  used on input line 298.
(pdftex.def)             Requested size: 471.67047pt x 221.9615pt.


LaTeX Warning: `!h' float specifier changed to `!ht'.



[59 <./RW_LQR_actuadores.pdf>])

[60]
\openout2 = `C6-Aplicacion_de_optimizacion_en_Python.aux'.

 (./C6-Aplicacion_de_optimizacion_en_Python.tex

[61



]
<potencia_magn.pdf, id=774, 433.62pt x 289.08pt>
File: potencia_magn.pdf Graphic file (type pdf)
<use potencia_magn.pdf>
Package pdftex.def Info: potencia_magn.pdf  used on input line 76.
(pdftex.def)             Requested size: 291.75752pt x 194.51627pt.
<masa_magn.pdf, id=775, 433.62pt x 289.08pt>
File: masa_magn.pdf Graphic file (type pdf)
<use masa_magn.pdf>
Package pdftex.def Info: masa_magn.pdf  used on input line 82.
(pdftex.def)             Requested size: 291.75752pt x 194.51627pt.

Underfull \hbox (badness 1735) in paragraph at lines 84--84
[]\OT1/cmr/bx/n/10.95 (b) |\OT1/cmr/m/n/10.95 Gr^^Safica desviaci^^Son est^^San
dar vs masa de los mag-
 []


LaTeX Warning: `!h' float specifier changed to `!ht'.



[62]

[63 <./potencia_magn.pdf> <./masa_magn.pdf>]
<SAboth0_typeact0_typerendacc.png, id=887, 445.665pt x 338.76563pt>
File: SAboth0_typeact0_typerendacc.png Graphic file (type png)
<use SAboth0_typeact0_typerendacc.png>
Package pdftex.def Info: SAboth0_typeact0_typerendacc.png  used on input line 9
9.
(pdftex.def)             Requested size: 389.00757pt x 295.70067pt.
<cond_iniciales_1.6_3.0e-9.pdf, id=888, 1084.05pt x 505.89pt>
File: cond_iniciales_1.6_3.0e-9.pdf Graphic file (type pdf)
<use cond_iniciales_1.6_3.0e-9.pdf>
Package pdftex.def Info: cond_iniciales_1.6_3.0e-9.pdf  used on input line 114.

(pdftex.def)             Requested size: 389.00757pt x 181.53358pt.
<cond_iniciales_0.8_0.5e-9.pdf, id=889, 1084.05pt x 505.89pt>
File: cond_iniciales_0.8_0.5e-9.pdf Graphic file (type pdf)
<use cond_iniciales_0.8_0.5e-9.pdf>
Package pdftex.def Info: cond_iniciales_0.8_0.5e-9.pdf  used on input line 121.

(pdftex.def)             Requested size: 389.00757pt x 181.53358pt.


LaTeX Warning: `!h' float specifier changed to `!ht'.

<cond_iniciales_0.5_1.5e-9.pdf, id=890, 1084.05pt x 505.89pt>
File: cond_iniciales_0.5_1.5e-9.pdf Graphic file (type pdf)
<use cond_iniciales_0.5_1.5e-9.pdf>
Package pdftex.def Info: cond_iniciales_0.5_1.5e-9.pdf  used on input line 135.

(pdftex.def)             Requested size: 389.00757pt x 181.53358pt.
<cond_iniciales_0.05_1.5e-11.pdf, id=891, 1084.05pt x 505.89pt>
File: cond_iniciales_0.05_1.5e-11.pdf Graphic file (type pdf)
<use cond_iniciales_0.05_1.5e-11.pdf>
Package pdftex.def Info: cond_iniciales_0.05_1.5e-11.pdf  used on input line 14
2.
(pdftex.def)             Requested size: 389.00757pt x 181.53358pt.


[64 <./SAboth0_typeact0_typerendacc.png>]

LaTeX Warning: `!h' float specifier changed to `!ht'.

<SAboth2_typeact0_typerendall.png, id=896, 456.20438pt x 364.36125pt>
File: SAboth2_typeact0_typerendall.png Graphic file (type png)
<use SAboth2_typeact0_typerendall.png>
Package pdftex.def Info: SAboth2_typeact0_typerendall.png  used on input line 1
58.
(pdftex.def)             Requested size: 389.00757pt x 310.69814pt.

LaTeX Warning: `h' float specifier changed to `ht'.



[65 <./cond_iniciales_1.6_3.0e-9.pdf> <./cond_iniciales_0.8_0.5e-9.pdf>]
<cond_iniciales_0.5_1.5e-9_1.0.pdf, id=1009, 1084.05pt x 505.89pt>
File: cond_iniciales_0.5_1.5e-9_1.0.pdf Graphic file (type pdf)
<use cond_iniciales_0.5_1.5e-9_1.0.pdf>
Package pdftex.def Info: cond_iniciales_0.5_1.5e-9_1.0.pdf  used on input line 
171.
(pdftex.def)             Requested size: 389.00757pt x 181.53358pt.
<cond_iniciales_0.8_0.5e-9_1.0.pdf, id=1010, 1084.05pt x 505.89pt>
File: cond_iniciales_0.8_0.5e-9_1.0.pdf Graphic file (type pdf)
<use cond_iniciales_0.8_0.5e-9_1.0.pdf>
Package pdftex.def Info: cond_iniciales_0.8_0.5e-9_1.0.pdf  used on input line 
178.
(pdftex.def)             Requested size: 389.00757pt x 181.53358pt.


LaTeX Warning: `!h' float specifier changed to `!ht'.



[66 <./cond_iniciales_0.5_1.5e-9.pdf> <./cond_iniciales_0.05_1.5e-11.pdf>]
<cond_iniciales_1.6_3.0e-9_0.5.pdf, id=1127, 1084.05pt x 505.89pt>
File: cond_iniciales_1.6_3.0e-9_0.5.pdf Graphic file (type pdf)
<use cond_iniciales_1.6_3.0e-9_0.5.pdf>
Package pdftex.def Info: cond_iniciales_1.6_3.0e-9_0.5.pdf  used on input line 
193.
(pdftex.def)             Requested size: 389.00757pt x 181.53358pt.
<cond_iniciales_0.05_1.5e-11_40.pdf, id=1128, 1084.05pt x 505.89pt>
File: cond_iniciales_0.05_1.5e-11_40.pdf Graphic file (type pdf)
<use cond_iniciales_0.05_1.5e-11_40.pdf>
Package pdftex.def Info: cond_iniciales_0.05_1.5e-11_40.pdf  used on input line
 200.
(pdftex.def)             Requested size: 389.00757pt x 181.53358pt.


LaTeX Warning: `!h' float specifier changed to `!ht'.



[67 <./SAboth2_typeact0_typerendall.png>])

[68 <./cond_iniciales_0.5_1.5e-9_1.0.pdf> <./cond_iniciales_0.8_0.5e-9_1.0.pdf>
]

[69 <./cond_iniciales_1.6_3.0e-9_0.5.pdf> <./cond_iniciales_0.05_1.5e-11_40.pdf
>]
\openout2 = `C8-Conclusiones.aux'.

 (./C8-Conclusiones.tex)

[70



]

[71] (./Formato-MT-Latex.bbl

[72


]

[73])

[74]
\openout2 = `Z1-CartaGantt.aux'.

 (./Z1-CartaGantt.tex

pdfTeX warning: pdflatex.exe (file ./Carta-Gantt_Tesis_Matias Tacul_1.pdf): PDF
 inclusion: found PDF version <1.6>, but at most version <1.5> allowed
<Carta-Gantt_Tesis_Matias Tacul_1.pdf, id=1374, 845.07718pt x 597.55246pt>
File: Carta-Gantt_Tesis_Matias Tacul_1.pdf Graphic file (type pdf)
<use Carta-Gantt_Tesis_Matias Tacul_1.pdf>
Package pdftex.def Info: Carta-Gantt_Tesis_Matias Tacul_1.pdf  used on input li
ne 9.
(pdftex.def)             Requested size: 534.88634pt x 378.21979pt.


pdfTeX warning: pdflatex.exe (file ./Carta-Gantt_Tesis_Matias Tacul_2.pdf): PDF
 inclusion: found PDF version <1.6>, but at most version <1.5> allowed
<Carta-Gantt_Tesis_Matias Tacul_2.pdf, id=1375, 845.07718pt x 597.55246pt>
File: Carta-Gantt_Tesis_Matias Tacul_2.pdf Graphic file (type pdf)
<use Carta-Gantt_Tesis_Matias Tacul_2.pdf>
Package pdftex.def Info: Carta-Gantt_Tesis_Matias Tacul_2.pdf  used on input li
ne 18.
(pdftex.def)             Requested size: 534.88634pt x 378.21979pt.


[75

 <./Carta-Gantt_Tesis_Matias Tacul_1.pdf>])

[76 <./Carta-Gantt_Tesis_Matias Tacul_2.pdf>]
\openout2 = `Z2-Torques.aux'.

 (./Z2-Torques.tex

[77



])

[78]
\openout2 = `Z3-Conversion.aux'.

 (./Z3-Conversion.tex)

[79



]
\openout2 = `Z4-EKF.aux'.

 (./Z4-EKF.tex
Overfull \hbox (2.78821pt too wide) in paragraph at lines 1--1
|[]\OT1/cmr/bx/n/17.28 Procedimiento a seguir para el uso del fil-tro de Kalman
| 
 []



[80



]

[81])

[82]
\openout2 = `Z5-Magnetorquer.aux'.

 (./Z5-Magnetorquer.tex

[83



]
Overfull \hbox (6.87274pt too wide) in paragraph at lines 57--58
[]\OT1/cmr/m/n/12 Por ^^Sultimo, antes de lin-ealizar el sis-tema seg^^Sun las 
vari-ables de es-tado $\OML/cmm/m/it/12 x \OT1/cmr/m/n/12 = [\OML/cmm/m/it/12 q
[]; q[]; q[]; ![]; ![]; ![]\OT1/cmr/m/n/12 ]$
 []


Overfull \hbox (0.2418pt too wide) detected at line 92
[] \OMS/cmsy/m/n/12 ^^A [] ^^@ \OML/cmm/m/it/12 ![]I[] [] \OT1/cmr/m/n/12 + [] 
+ []
 []


Overfull \hbox (1.93242pt too wide) detected at line 103
[] \OT1/cmr/m/n/12 = [] \OMS/cmsy/m/n/12 ^^A [] ^^A []
 []



[84])

[85]
\openout2 = `Z6-RuedaReaccion.aux'.

 (./Z6-RuedaReaccion.tex

[86



]

[87]

[88])

[89]
\openout2 = `Z7-Componentes.aux'.

 (./Z7-Componentes.tex

[90



]

LaTeX Warning: Command \o invalid in math mode on input line 88.


LaTeX Warning: Command \o invalid in math mode on input line 90.



[91]

LaTeX Warning: Command \o invalid in math mode on input line 163.


LaTeX Warning: Command \o invalid in math mode on input line 168.

)

[92]

[93]
\openout2 = `Z8-MoP.aux'.

 (./Z8-MoP.tex
<RPY_highpass.pdf, id=1495, 867.24pt x 433.62pt>
File: RPY_highpass.pdf Graphic file (type pdf)
<use RPY_highpass.pdf>
Package pdftex.def Info: RPY_highpass.pdf  used on input line 14.
(pdftex.def)             Requested size: 437.62888pt x 218.81427pt.
<psd_roll.pdf, id=1496, 722.7pt x 433.62pt>
File: psd_roll.pdf Graphic file (type pdf)
<use psd_roll.pdf>
Package pdftex.def Info: psd_roll.pdf  used on input line 24.
(pdftex.def)             Requested size: 389.00757pt x 233.40364pt.


[94



 <./RPY_highpass.pdf>]
<psd_pitch.pdf, id=1540, 722.7pt x 433.62pt>
File: psd_pitch.pdf Graphic file (type pdf)
<use psd_pitch.pdf>
Package pdftex.def Info: psd_pitch.pdf  used on input line 31.
(pdftex.def)             Requested size: 389.00757pt x 233.40364pt.
<psd_yaw.pdf, id=1541, 722.7pt x 433.62pt>
File: psd_yaw.pdf Graphic file (type pdf)
<use psd_yaw.pdf>
Package pdftex.def Info: psd_yaw.pdf  used on input line 38.
(pdftex.def)             Requested size: 389.00757pt x 233.40364pt.


[95 <./psd_roll.pdf> <./psd_pitch.pdf>]
<time_roll.pdf, id=1630, 505.89pt x 505.89pt>
File: time_roll.pdf Graphic file (type pdf)
<use time_roll.pdf>
Package pdftex.def Info: time_roll.pdf  used on input line 52.
(pdftex.def)             Requested size: 291.75752pt x 291.76448pt.


[96 <./psd_yaw.pdf>]
<time_pitch.pdf, id=1679, 505.89pt x 505.89pt>
File: time_pitch.pdf Graphic file (type pdf)
<use time_pitch.pdf>
Package pdftex.def Info: time_pitch.pdf  used on input line 59.
(pdftex.def)             Requested size: 291.75752pt x 291.76448pt.
<time_yaw.pdf, id=1680, 505.89pt x 505.89pt>
File: time_yaw.pdf Graphic file (type pdf)
<use time_yaw.pdf>
Package pdftex.def Info: time_yaw.pdf  used on input line 66.
(pdftex.def)             Requested size: 291.75752pt x 291.76448pt.


[97 <./time_roll.pdf> <./time_pitch.pdf>]
<roll_DNormal.pdf, id=1759, 462.52798pt x 346.89601pt>
File: roll_DNormal.pdf Graphic file (type pdf)
<use roll_DNormal.pdf>
Package pdftex.def Info: roll_DNormal.pdf  used on input line 78.
(pdftex.def)             Requested size: 316.06447pt x 237.06125pt.


[98 <./time_yaw.pdf>]
<pitch_DNormal.pdf, id=1802, 462.52798pt x 346.89601pt>
File: pitch_DNormal.pdf Graphic file (type pdf)
<use pitch_DNormal.pdf>
Package pdftex.def Info: pitch_DNormal.pdf  used on input line 85.
(pdftex.def)             Requested size: 316.06447pt x 237.06125pt.
<yaw_DNormal.pdf, id=1803, 462.52798pt x 346.89601pt>
File: yaw_DNormal.pdf Graphic file (type pdf)
<use yaw_DNormal.pdf>
Package pdftex.def Info: yaw_DNormal.pdf  used on input line 92.
(pdftex.def)             Requested size: 316.06447pt x 237.06125pt.
)

[99 <./Roll_DNormal.pdf> <./Pitch_DNormal.pdf>]

[100 <./Yaw_DNormal.pdf>]
\openout2 = `Z9-Funcionescosto.aux'.

 (./Z9-Funcionescosto.tex
<potencia_ss.pdf, id=1930, 433.62pt x 289.08pt>
File: potencia_ss.pdf Graphic file (type pdf)
<use potencia_ss.pdf>
Package pdftex.def Info: potencia_ss.pdf  used on input line 8.
(pdftex.def)             Requested size: 291.75752pt x 194.51627pt.
<masa_ss.pdf, id=1931, 433.62pt x 289.08pt>
File: masa_ss.pdf Graphic file (type pdf)
<use masa_ss.pdf>
Package pdftex.def Info: masa_ss.pdf  used on input line 14.
(pdftex.def)             Requested size: 291.75752pt x 194.51627pt.
<potencia_MT.pdf, id=1932, 433.62pt x 289.08pt>
File: potencia_MT.pdf Graphic file (type pdf)
<use potencia_MT.pdf>
Package pdftex.def Info: potencia_MT.pdf  used on input line 26.
(pdftex.def)             Requested size: 291.75752pt x 194.51627pt.
<masa_MT.pdf, id=1933, 433.62pt x 289.08pt>
File: masa_MT.pdf Graphic file (type pdf)
<use masa_MT.pdf>
Package pdftex.def Info: masa_MT.pdf  used on input line 32.
(pdftex.def)             Requested size: 291.75752pt x 194.51627pt.


LaTeX Warning: `h' float specifier changed to `ht'.

<potencia_RW.pdf, id=1934, 433.62pt x 289.08pt>
File: potencia_RW.pdf Graphic file (type pdf)
<use potencia_RW.pdf>
Package pdftex.def Info: potencia_RW.pdf  used on input line 44.
(pdftex.def)             Requested size: 291.75752pt x 194.51627pt.
<masa_RW.pdf, id=1935, 433.62pt x 289.08pt>
File: masa_RW.pdf Graphic file (type pdf)
<use masa_RW.pdf>
Package pdftex.def Info: masa_RW.pdf  used on input line 50.
(pdftex.def)             Requested size: 291.75752pt x 194.51627pt.

LaTeX Warning: `h' float specifier changed to `ht'.

)

[101



 <./potencia_ss.pdf> <./masa_ss.pdf>]

[102 <./potencia_MT.pdf> <./masa_MT.pdf>]

[103 <./potencia_RW.pdf> <./masa_RW.pdf>]
\openout2 = `Z10-Codigo.aux'.

 (./Z10-Codigo.tex)

[104



] 
enddocument/afterlastpage: lastpage setting LastPage.
(./Formato-MT-Latex.aux (./Pagina_Titulo.aux) (./C0-Agradecimientos.aux)
(./C0-Resumen.aux) (./C0-Abstract.aux) (./C1-Introduccion.aux)
(./C2-Marco_Teorico.aux) (./C3-Estado_del_Arte.aux)
(./C4-Diseno_de_la_suite_de_simulacion.aux)
(./C5-Verificacion_de_la_suite_de_simulacion.aux)
(./C6-Aplicacion_de_optimizacion_en_Python.aux) (./C8-Conclusiones.aux)
(./Z1-CartaGantt.aux) (./Z2-Torques.aux) (./Z3-Conversion.aux) (./Z4-EKF.aux)
(./Z5-Magnetorquer.aux) (./Z6-RuedaReaccion.aux) (./Z7-Componentes.aux)
(./Z8-MoP.aux) (./Z9-Funcionescosto.aux) (./Z10-Codigo.aux))
 ***********
LaTeX2e <2024-06-01> patch level 2
L3 programming layer <2024-08-30>
 ***********
 ) 
Here is how much of TeX's memory you used:
 24677 strings out of 473578
 472357 string characters out of 5732242
 971826 words of memory out of 5000000
 46967 multiletter control sequences out of 15000+600000
 569672 words of font info for 75 fonts, out of 8000000 for 9000
 1141 hyphenation exceptions out of 8191
 94i,17n,93p,2400b,982s stack positions out of 10000i,1000n,20000p,200000b,200000s
<c:/texlive/2024/texmf-dist/fonts/type1/public/amsfonts/cm/cmbx10.pfb><c:/tex
live/2024/texmf-dist/fonts/type1/public/amsfonts/cm/cmbx12.pfb><c:/texlive/2024
/texmf-dist/fonts/type1/public/amsfonts/cm/cmbx8.pfb><c:/texlive/2024/texmf-dis
t/fonts/type1/public/amsfonts/cm/cmbxti10.pfb><c:/texlive/2024/texmf-dist/fonts
/type1/public/amsfonts/cm/cmex10.pfb><c:/texlive/2024/texmf-dist/fonts/type1/pu
blic/amsfonts/cm/cmmi10.pfb><c:/texlive/2024/texmf-dist/fonts/type1/public/amsf
onts/cm/cmmi12.pfb><c:/texlive/2024/texmf-dist/fonts/type1/public/amsfonts/cm/c
mmi6.pfb><c:/texlive/2024/texmf-dist/fonts/type1/public/amsfonts/cm/cmmi8.pfb><
c:/texlive/2024/texmf-dist/fonts/type1/public/amsfonts/cm/cmmib10.pfb><c:/texli
ve/2024/texmf-dist/fonts/type1/public/amsfonts/cm/cmr10.pfb><c:/texlive/2024/te
xmf-dist/fonts/type1/public/amsfonts/cm/cmr12.pfb><c:/texlive/2024/texmf-dist/f
onts/type1/public/amsfonts/cm/cmr6.pfb><c:/texlive/2024/texmf-dist/fonts/type1/
public/amsfonts/cm/cmr8.pfb><c:/texlive/2024/texmf-dist/fonts/type1/public/amsf
onts/cm/cmsy10.pfb><c:/texlive/2024/texmf-dist/fonts/type1/public/amsfonts/cm/c
msy8.pfb><c:/texlive/2024/texmf-dist/fonts/type1/public/amsfonts/cm/cmti12.pfb>
<c:/texlive/2024/texmf-dist/fonts/type1/public/amsfonts/cm/cmtt12.pfb><c:/texli
ve/2024/texmf-dist/fonts/type1/public/cm-super/sfbx1200.pfb><c:/texlive/2024/te
xmf-dist/fonts/type1/public/cm-super/sfrm1000.pfb><c:/texlive/2024/texmf-dist/f
onts/type1/public/cm-super/sfrm1095.pfb><c:/texlive/2024/texmf-dist/fonts/type1
/public/cm-super/sfrm1200.pfb>
Output written on Formato-MT-Latex.pdf (111 pages, 8450395 bytes).
PDF statistics:
 2350 PDF objects out of 2487 (max. 8388607)
 634 compressed objects within 7 object streams
 0 named destinations out of 1000 (max. 500000)
 323 words of extra memory for PDF output out of 10000 (max. 10000000)

